mode: set
github.com/anesquivel/wave-5-backpack/goweb/arquitectura_ejercicio/internal/usuarios/repository.go:32.57,35.50 2 1
github.com/anesquivel/wave-5-backpack/goweb/arquitectura_ejercicio/internal/usuarios/repository.go:39.2,39.27 1 1
github.com/anesquivel/wave-5-backpack/goweb/arquitectura_ejercicio/internal/usuarios/repository.go:35.50,37.3 1 0
github.com/anesquivel/wave-5-backpack/goweb/arquitectura_ejercicio/internal/usuarios/repository.go:42.127,45.50 2 1
github.com/anesquivel/wave-5-backpack/goweb/arquitectura_ejercicio/internal/usuarios/repository.go:49.2,61.50 3 1
github.com/anesquivel/wave-5-backpack/goweb/arquitectura_ejercicio/internal/usuarios/repository.go:65.2,65.23 1 1
github.com/anesquivel/wave-5-backpack/goweb/arquitectura_ejercicio/internal/usuarios/repository.go:45.50,47.3 1 0
github.com/anesquivel/wave-5-backpack/goweb/arquitectura_ejercicio/internal/usuarios/repository.go:61.50,63.3 1 1
github.com/anesquivel/wave-5-backpack/goweb/arquitectura_ejercicio/internal/usuarios/repository.go:68.141,72.50 2 1
github.com/anesquivel/wave-5-backpack/goweb/arquitectura_ejercicio/internal/usuarios/repository.go:76.2,89.31 3 1
github.com/anesquivel/wave-5-backpack/goweb/arquitectura_ejercicio/internal/usuarios/repository.go:96.2,96.13 1 1
github.com/anesquivel/wave-5-backpack/goweb/arquitectura_ejercicio/internal/usuarios/repository.go:99.2,99.50 1 1
github.com/anesquivel/wave-5-backpack/goweb/arquitectura_ejercicio/internal/usuarios/repository.go:102.2,102.23 1 1
github.com/anesquivel/wave-5-backpack/goweb/arquitectura_ejercicio/internal/usuarios/repository.go:72.50,74.3 1 0
github.com/anesquivel/wave-5-backpack/goweb/arquitectura_ejercicio/internal/usuarios/repository.go:89.31,90.32 1 1
github.com/anesquivel/wave-5-backpack/goweb/arquitectura_ejercicio/internal/usuarios/repository.go:90.32,93.4 2 1
github.com/anesquivel/wave-5-backpack/goweb/arquitectura_ejercicio/internal/usuarios/repository.go:96.13,98.3 1 1
github.com/anesquivel/wave-5-backpack/goweb/arquitectura_ejercicio/internal/usuarios/repository.go:99.50,101.3 1 0
github.com/anesquivel/wave-5-backpack/goweb/arquitectura_ejercicio/internal/usuarios/repository.go:105.97,109.27 3 0
github.com/anesquivel/wave-5-backpack/goweb/arquitectura_ejercicio/internal/usuarios/repository.go:119.2,119.13 1 0
github.com/anesquivel/wave-5-backpack/goweb/arquitectura_ejercicio/internal/usuarios/repository.go:122.2,122.23 1 0
github.com/anesquivel/wave-5-backpack/goweb/arquitectura_ejercicio/internal/usuarios/repository.go:109.27,110.28 1 0
github.com/anesquivel/wave-5-backpack/goweb/arquitectura_ejercicio/internal/usuarios/repository.go:110.28,116.4 4 0
github.com/anesquivel/wave-5-backpack/goweb/arquitectura_ejercicio/internal/usuarios/repository.go:119.13,121.3 1 0
github.com/anesquivel/wave-5-backpack/goweb/arquitectura_ejercicio/internal/usuarios/repository.go:125.44,127.50 2 1
github.com/anesquivel/wave-5-backpack/goweb/arquitectura_ejercicio/internal/usuarios/repository.go:130.2,130.29 1 1
github.com/anesquivel/wave-5-backpack/goweb/arquitectura_ejercicio/internal/usuarios/repository.go:134.2,134.52 1 0
github.com/anesquivel/wave-5-backpack/goweb/arquitectura_ejercicio/internal/usuarios/repository.go:127.50,129.3 1 0
github.com/anesquivel/wave-5-backpack/goweb/arquitectura_ejercicio/internal/usuarios/repository.go:130.29,132.3 1 1
github.com/anesquivel/wave-5-backpack/goweb/arquitectura_ejercicio/internal/usuarios/repository.go:137.43,141.27 3 1
github.com/anesquivel/wave-5-backpack/goweb/arquitectura_ejercicio/internal/usuarios/repository.go:148.2,148.14 1 1
github.com/anesquivel/wave-5-backpack/goweb/arquitectura_ejercicio/internal/usuarios/repository.go:152.2,153.12 2 0
github.com/anesquivel/wave-5-backpack/goweb/arquitectura_ejercicio/internal/usuarios/repository.go:141.27,142.28 1 0
github.com/anesquivel/wave-5-backpack/goweb/arquitectura_ejercicio/internal/usuarios/repository.go:142.28,145.4 2 0
github.com/anesquivel/wave-5-backpack/goweb/arquitectura_ejercicio/internal/usuarios/repository.go:148.14,150.3 1 1
github.com/anesquivel/wave-5-backpack/goweb/arquitectura_ejercicio/internal/usuarios/repository.go:155.47,157.2 1 1
github.com/anesquivel/wave-5-backpack/goweb/arquitectura_ejercicio/internal/usuarios/service.go:19.54,21.16 2 1
github.com/anesquivel/wave-5-backpack/goweb/arquitectura_ejercicio/internal/usuarios/service.go:25.2,25.22 1 1
github.com/anesquivel/wave-5-backpack/goweb/arquitectura_ejercicio/internal/usuarios/service.go:21.16,23.3 1 0
github.com/anesquivel/wave-5-backpack/goweb/arquitectura_ejercicio/internal/usuarios/service.go:28.107,30.16 2 1
github.com/anesquivel/wave-5-backpack/goweb/arquitectura_ejercicio/internal/usuarios/service.go:34.2,37.16 3 1
github.com/anesquivel/wave-5-backpack/goweb/arquitectura_ejercicio/internal/usuarios/service.go:41.2,41.21 1 1
github.com/anesquivel/wave-5-backpack/goweb/arquitectura_ejercicio/internal/usuarios/service.go:30.16,32.3 1 0
github.com/anesquivel/wave-5-backpack/goweb/arquitectura_ejercicio/internal/usuarios/service.go:37.16,39.3 1 1
github.com/anesquivel/wave-5-backpack/goweb/arquitectura_ejercicio/internal/usuarios/service.go:44.138,46.2 1 1
github.com/anesquivel/wave-5-backpack/goweb/arquitectura_ejercicio/internal/usuarios/service.go:48.94,50.2 1 0
github.com/anesquivel/wave-5-backpack/goweb/arquitectura_ejercicio/internal/usuarios/service.go:51.40,53.2 1 1
github.com/anesquivel/wave-5-backpack/goweb/arquitectura_ejercicio/internal/usuarios/service.go:54.39,58.2 1 1
