mode: set
github.com/anesquivel/wave-5-backpack/goweb/arquitectura_ejercicio/internal/usuarios/repository.go:30.57,33.50 2 1
github.com/anesquivel/wave-5-backpack/goweb/arquitectura_ejercicio/internal/usuarios/repository.go:37.2,37.27 1 1
github.com/anesquivel/wave-5-backpack/goweb/arquitectura_ejercicio/internal/usuarios/repository.go:33.50,35.3 1 0
github.com/anesquivel/wave-5-backpack/goweb/arquitectura_ejercicio/internal/usuarios/repository.go:40.127,43.50 2 1
github.com/anesquivel/wave-5-backpack/goweb/arquitectura_ejercicio/internal/usuarios/repository.go:47.2,59.50 3 1
github.com/anesquivel/wave-5-backpack/goweb/arquitectura_ejercicio/internal/usuarios/repository.go:63.2,63.23 1 1
github.com/anesquivel/wave-5-backpack/goweb/arquitectura_ejercicio/internal/usuarios/repository.go:43.50,45.3 1 0
github.com/anesquivel/wave-5-backpack/goweb/arquitectura_ejercicio/internal/usuarios/repository.go:59.50,61.3 1 1
github.com/anesquivel/wave-5-backpack/goweb/arquitectura_ejercicio/internal/usuarios/repository.go:66.141,70.50 2 1
github.com/anesquivel/wave-5-backpack/goweb/arquitectura_ejercicio/internal/usuarios/repository.go:74.2,87.31 3 1
github.com/anesquivel/wave-5-backpack/goweb/arquitectura_ejercicio/internal/usuarios/repository.go:94.2,94.13 1 1
github.com/anesquivel/wave-5-backpack/goweb/arquitectura_ejercicio/internal/usuarios/repository.go:97.2,97.50 1 1
github.com/anesquivel/wave-5-backpack/goweb/arquitectura_ejercicio/internal/usuarios/repository.go:100.2,100.23 1 1
github.com/anesquivel/wave-5-backpack/goweb/arquitectura_ejercicio/internal/usuarios/repository.go:70.50,72.3 1 0
github.com/anesquivel/wave-5-backpack/goweb/arquitectura_ejercicio/internal/usuarios/repository.go:87.31,88.32 1 1
github.com/anesquivel/wave-5-backpack/goweb/arquitectura_ejercicio/internal/usuarios/repository.go:88.32,91.4 2 1
github.com/anesquivel/wave-5-backpack/goweb/arquitectura_ejercicio/internal/usuarios/repository.go:94.13,96.3 1 1
github.com/anesquivel/wave-5-backpack/goweb/arquitectura_ejercicio/internal/usuarios/repository.go:97.50,99.3 1 0
github.com/anesquivel/wave-5-backpack/goweb/arquitectura_ejercicio/internal/usuarios/repository.go:103.97,106.46 2 1
github.com/anesquivel/wave-5-backpack/goweb/arquitectura_ejercicio/internal/usuarios/repository.go:110.2,113.27 3 1
github.com/anesquivel/wave-5-backpack/goweb/arquitectura_ejercicio/internal/usuarios/repository.go:123.2,123.13 1 1
github.com/anesquivel/wave-5-backpack/goweb/arquitectura_ejercicio/internal/usuarios/repository.go:126.2,126.23 1 1
github.com/anesquivel/wave-5-backpack/goweb/arquitectura_ejercicio/internal/usuarios/repository.go:106.46,108.3 1 0
github.com/anesquivel/wave-5-backpack/goweb/arquitectura_ejercicio/internal/usuarios/repository.go:113.27,114.28 1 1
github.com/anesquivel/wave-5-backpack/goweb/arquitectura_ejercicio/internal/usuarios/repository.go:114.28,120.4 4 1
github.com/anesquivel/wave-5-backpack/goweb/arquitectura_ejercicio/internal/usuarios/repository.go:123.13,125.3 1 1
github.com/anesquivel/wave-5-backpack/goweb/arquitectura_ejercicio/internal/usuarios/repository.go:129.44,131.50 2 1
github.com/anesquivel/wave-5-backpack/goweb/arquitectura_ejercicio/internal/usuarios/repository.go:134.2,134.29 1 1
github.com/anesquivel/wave-5-backpack/goweb/arquitectura_ejercicio/internal/usuarios/repository.go:138.2,138.52 1 0
github.com/anesquivel/wave-5-backpack/goweb/arquitectura_ejercicio/internal/usuarios/repository.go:131.50,133.3 1 0
github.com/anesquivel/wave-5-backpack/goweb/arquitectura_ejercicio/internal/usuarios/repository.go:134.29,136.3 1 1
github.com/anesquivel/wave-5-backpack/goweb/arquitectura_ejercicio/internal/usuarios/repository.go:141.43,144.46 2 1
github.com/anesquivel/wave-5-backpack/goweb/arquitectura_ejercicio/internal/usuarios/repository.go:148.2,151.27 3 1
github.com/anesquivel/wave-5-backpack/goweb/arquitectura_ejercicio/internal/usuarios/repository.go:158.2,158.14 1 1
github.com/anesquivel/wave-5-backpack/goweb/arquitectura_ejercicio/internal/usuarios/repository.go:162.2,164.46 2 1
github.com/anesquivel/wave-5-backpack/goweb/arquitectura_ejercicio/internal/usuarios/repository.go:168.2,168.12 1 1
github.com/anesquivel/wave-5-backpack/goweb/arquitectura_ejercicio/internal/usuarios/repository.go:144.46,146.3 1 0
github.com/anesquivel/wave-5-backpack/goweb/arquitectura_ejercicio/internal/usuarios/repository.go:151.27,152.28 1 1
github.com/anesquivel/wave-5-backpack/goweb/arquitectura_ejercicio/internal/usuarios/repository.go:152.28,155.4 2 1
github.com/anesquivel/wave-5-backpack/goweb/arquitectura_ejercicio/internal/usuarios/repository.go:158.14,160.3 1 1
github.com/anesquivel/wave-5-backpack/goweb/arquitectura_ejercicio/internal/usuarios/repository.go:164.46,166.3 1 0
github.com/anesquivel/wave-5-backpack/goweb/arquitectura_ejercicio/internal/usuarios/repository.go:170.47,172.2 1 1
github.com/anesquivel/wave-5-backpack/goweb/arquitectura_ejercicio/internal/usuarios/service.go:19.54,21.16 2 1
github.com/anesquivel/wave-5-backpack/goweb/arquitectura_ejercicio/internal/usuarios/service.go:25.2,25.22 1 1
github.com/anesquivel/wave-5-backpack/goweb/arquitectura_ejercicio/internal/usuarios/service.go:21.16,23.3 1 0
github.com/anesquivel/wave-5-backpack/goweb/arquitectura_ejercicio/internal/usuarios/service.go:28.107,30.16 2 1
github.com/anesquivel/wave-5-backpack/goweb/arquitectura_ejercicio/internal/usuarios/service.go:34.2,37.16 3 1
github.com/anesquivel/wave-5-backpack/goweb/arquitectura_ejercicio/internal/usuarios/service.go:41.2,41.21 1 1
github.com/anesquivel/wave-5-backpack/goweb/arquitectura_ejercicio/internal/usuarios/service.go:30.16,32.3 1 0
github.com/anesquivel/wave-5-backpack/goweb/arquitectura_ejercicio/internal/usuarios/service.go:37.16,39.3 1 1
github.com/anesquivel/wave-5-backpack/goweb/arquitectura_ejercicio/internal/usuarios/service.go:44.138,46.2 1 1
github.com/anesquivel/wave-5-backpack/goweb/arquitectura_ejercicio/internal/usuarios/service.go:48.94,50.2 1 1
github.com/anesquivel/wave-5-backpack/goweb/arquitectura_ejercicio/internal/usuarios/service.go:51.40,53.2 1 1
github.com/anesquivel/wave-5-backpack/goweb/arquitectura_ejercicio/internal/usuarios/service.go:54.39,58.2 1 1
