mode: set
github.com/bootcamp-go/wave-5-backpack/testing/clase1_parte2/dividir/dividir.go:5.41,6.14 1 1
github.com/bootcamp-go/wave-5-backpack/testing/clase1_parte2/dividir/dividir.go:9.2,9.25 1 1
github.com/bootcamp-go/wave-5-backpack/testing/clase1_parte2/dividir/dividir.go:6.14,8.3 1 1
github.com/bootcamp-go/wave-5-backpack/testing/clase1_parte2/calculadora/calculadora.go:3.33,5.2 1 1
github.com/bootcamp-go/wave-5-backpack/goweb/internal/usuarios/repository.go:38.47,42.2 1 1
github.com/bootcamp-go/wave-5-backpack/goweb/internal/usuarios/repository.go:44.63,46.39 2 0
github.com/bootcamp-go/wave-5-backpack/goweb/internal/usuarios/repository.go:49.2,49.31 1 0
github.com/bootcamp-go/wave-5-backpack/goweb/internal/usuarios/repository.go:54.2,54.59 1 0
github.com/bootcamp-go/wave-5-backpack/goweb/internal/usuarios/repository.go:46.39,48.3 1 0
github.com/bootcamp-go/wave-5-backpack/goweb/internal/usuarios/repository.go:49.31,50.21 1 0
github.com/bootcamp-go/wave-5-backpack/goweb/internal/usuarios/repository.go:50.21,52.4 1 0
github.com/bootcamp-go/wave-5-backpack/goweb/internal/usuarios/repository.go:57.103,60.39 2 1
github.com/bootcamp-go/wave-5-backpack/goweb/internal/usuarios/repository.go:63.2,63.31 1 1
github.com/bootcamp-go/wave-5-backpack/goweb/internal/usuarios/repository.go:74.2,74.31 1 0
github.com/bootcamp-go/wave-5-backpack/goweb/internal/usuarios/repository.go:60.39,62.3 1 0
github.com/bootcamp-go/wave-5-backpack/goweb/internal/usuarios/repository.go:63.31,64.21 1 1
github.com/bootcamp-go/wave-5-backpack/goweb/internal/usuarios/repository.go:64.21,68.41 3 1
github.com/bootcamp-go/wave-5-backpack/goweb/internal/usuarios/repository.go:71.4,71.21 1 1
github.com/bootcamp-go/wave-5-backpack/goweb/internal/usuarios/repository.go:68.41,70.5 1 0
github.com/bootcamp-go/wave-5-backpack/goweb/internal/usuarios/repository.go:77.147,80.39 2 1
github.com/bootcamp-go/wave-5-backpack/goweb/internal/usuarios/repository.go:84.2,84.31 1 1
github.com/bootcamp-go/wave-5-backpack/goweb/internal/usuarios/repository.go:100.2,100.59 1 0
github.com/bootcamp-go/wave-5-backpack/goweb/internal/usuarios/repository.go:80.39,82.3 1 1
github.com/bootcamp-go/wave-5-backpack/goweb/internal/usuarios/repository.go:84.31,85.21 1 1
github.com/bootcamp-go/wave-5-backpack/goweb/internal/usuarios/repository.go:85.21,94.41 8 1
github.com/bootcamp-go/wave-5-backpack/goweb/internal/usuarios/repository.go:97.4,97.21 1 1
github.com/bootcamp-go/wave-5-backpack/goweb/internal/usuarios/repository.go:94.41,96.5 1 1
github.com/bootcamp-go/wave-5-backpack/goweb/internal/usuarios/repository.go:103.43,105.44 2 1
github.com/bootcamp-go/wave-5-backpack/goweb/internal/usuarios/repository.go:109.2,109.25 1 1
github.com/bootcamp-go/wave-5-backpack/goweb/internal/usuarios/repository.go:119.2,119.40 1 1
github.com/bootcamp-go/wave-5-backpack/goweb/internal/usuarios/repository.go:105.44,107.3 1 0
github.com/bootcamp-go/wave-5-backpack/goweb/internal/usuarios/repository.go:109.25,111.20 2 1
github.com/bootcamp-go/wave-5-backpack/goweb/internal/usuarios/repository.go:111.20,113.46 2 1
github.com/bootcamp-go/wave-5-backpack/goweb/internal/usuarios/repository.go:116.4,116.14 1 1
github.com/bootcamp-go/wave-5-backpack/goweb/internal/usuarios/repository.go:113.46,115.5 1 0
github.com/bootcamp-go/wave-5-backpack/goweb/internal/usuarios/repository.go:122.58,124.39 2 1
github.com/bootcamp-go/wave-5-backpack/goweb/internal/usuarios/repository.go:127.2,127.16 1 1
github.com/bootcamp-go/wave-5-backpack/goweb/internal/usuarios/repository.go:124.39,126.3 1 0
github.com/bootcamp-go/wave-5-backpack/goweb/internal/usuarios/repository.go:129.162,132.39 2 0
github.com/bootcamp-go/wave-5-backpack/goweb/internal/usuarios/repository.go:136.2,139.39 3 0
github.com/bootcamp-go/wave-5-backpack/goweb/internal/usuarios/repository.go:142.2,142.15 1 0
github.com/bootcamp-go/wave-5-backpack/goweb/internal/usuarios/repository.go:132.39,134.3 1 0
github.com/bootcamp-go/wave-5-backpack/goweb/internal/usuarios/repository.go:139.39,141.3 1 0
github.com/bootcamp-go/wave-5-backpack/goweb/internal/usuarios/repository.go:144.44,146.39 2 0
github.com/bootcamp-go/wave-5-backpack/goweb/internal/usuarios/repository.go:149.2,149.18 1 0
github.com/bootcamp-go/wave-5-backpack/goweb/internal/usuarios/repository.go:152.2,152.30 1 0
github.com/bootcamp-go/wave-5-backpack/goweb/internal/usuarios/repository.go:146.39,148.3 1 0
github.com/bootcamp-go/wave-5-backpack/goweb/internal/usuarios/repository.go:149.18,151.3 1 0
github.com/bootcamp-go/wave-5-backpack/goweb/internal/usuarios/service.go:29.39,33.2 1 1
github.com/bootcamp-go/wave-5-backpack/goweb/internal/usuarios/service.go:35.99,37.2 1 1
github.com/bootcamp-go/wave-5-backpack/goweb/internal/usuarios/service.go:39.40,41.2 1 1
github.com/bootcamp-go/wave-5-backpack/goweb/internal/usuarios/service.go:43.144,46.2 2 1
github.com/bootcamp-go/wave-5-backpack/goweb/internal/usuarios/service.go:48.55,50.16 2 1
github.com/bootcamp-go/wave-5-backpack/goweb/internal/usuarios/service.go:53.2,53.16 1 1
github.com/bootcamp-go/wave-5-backpack/goweb/internal/usuarios/service.go:50.16,52.3 1 1
github.com/bootcamp-go/wave-5-backpack/goweb/internal/usuarios/service.go:56.60,58.16 2 0
github.com/bootcamp-go/wave-5-backpack/goweb/internal/usuarios/service.go:61.2,61.16 1 0
github.com/bootcamp-go/wave-5-backpack/goweb/internal/usuarios/service.go:58.16,60.3 1 0
github.com/bootcamp-go/wave-5-backpack/goweb/internal/usuarios/service.go:64.151,66.17 2 1
github.com/bootcamp-go/wave-5-backpack/goweb/internal/usuarios/service.go:69.2,71.18 3 1
github.com/bootcamp-go/wave-5-backpack/goweb/internal/usuarios/service.go:74.2,74.21 1 1
github.com/bootcamp-go/wave-5-backpack/goweb/internal/usuarios/service.go:66.17,68.3 1 1
github.com/bootcamp-go/wave-5-backpack/goweb/internal/usuarios/service.go:71.18,73.3 1 1
github.com/bootcamp-go/wave-5-backpack/testing/clase1_parte2/ordenamiento/Ordenamiento.go:7.32,10.2 2 1
