mode: set
goweb/internal/users/repository.go:33.47,37.2 1 1
goweb/internal/users/repository.go:39.59,41.42 2 1
goweb/internal/users/repository.go:44.2,44.19 1 1
goweb/internal/users/repository.go:41.42,43.3 1 0
goweb/internal/users/repository.go:48.63,50.42 2 0
goweb/internal/users/repository.go:54.2,56.23 3 0
goweb/internal/users/repository.go:63.2,63.10 1 0
goweb/internal/users/repository.go:66.2,66.25 1 0
goweb/internal/users/repository.go:50.42,52.3 1 0
goweb/internal/users/repository.go:56.23,57.16 1 0
goweb/internal/users/repository.go:57.16,60.9 3 0
goweb/internal/users/repository.go:63.10,65.3 1 0
goweb/internal/users/repository.go:69.44,71.42 2 0
goweb/internal/users/repository.go:74.2,74.21 1 0
goweb/internal/users/repository.go:78.2,78.36 1 0
goweb/internal/users/repository.go:71.42,73.3 1 0
goweb/internal/users/repository.go:74.21,76.3 1 0
goweb/internal/users/repository.go:82.147,85.42 2 0
goweb/internal/users/repository.go:89.2,92.42 3 0
goweb/internal/users/repository.go:96.2,96.18 1 0
goweb/internal/users/repository.go:85.42,87.3 1 0
goweb/internal/users/repository.go:92.42,94.3 1 0
goweb/internal/users/repository.go:100.148,103.42 2 1
goweb/internal/users/repository.go:107.2,110.22 3 1
goweb/internal/users/repository.go:118.2,118.13 1 1
goweb/internal/users/repository.go:122.2,122.42 1 1
goweb/internal/users/repository.go:126.2,126.26 1 1
goweb/internal/users/repository.go:103.42,105.3 1 1
goweb/internal/users/repository.go:110.22,111.23 1 1
goweb/internal/users/repository.go:111.23,115.9 4 1
goweb/internal/users/repository.go:118.13,120.3 1 0
goweb/internal/users/repository.go:122.42,124.3 1 1
goweb/internal/users/repository.go:129.90,132.42 2 0
goweb/internal/users/repository.go:136.2,138.22 3 0
goweb/internal/users/repository.go:147.2,147.13 1 0
goweb/internal/users/repository.go:151.2,151.42 1 0
goweb/internal/users/repository.go:155.2,155.25 1 0
goweb/internal/users/repository.go:132.42,134.3 1 0
goweb/internal/users/repository.go:138.22,139.23 1 0
goweb/internal/users/repository.go:139.23,144.9 5 0
goweb/internal/users/repository.go:147.13,149.3 1 0
goweb/internal/users/repository.go:151.42,153.3 1 0
goweb/internal/users/repository.go:159.43,162.45 2 1
goweb/internal/users/repository.go:166.5,168.24 3 1
goweb/internal/users/repository.go:175.5,175.13 1 1
goweb/internal/users/repository.go:178.5,180.45 2 1
goweb/internal/users/repository.go:184.5,184.15 1 1
goweb/internal/users/repository.go:162.45,164.6 1 0
goweb/internal/users/repository.go:168.24,169.29 1 1
goweb/internal/users/repository.go:169.29,172.18 3 1
goweb/internal/users/repository.go:175.13,177.6 1 1
goweb/internal/users/repository.go:180.45,182.6 1 0
goweb/internal/users/service.go:21.39,25.2 1 1
goweb/internal/users/service.go:27.56,29.16 2 0
goweb/internal/users/service.go:33.2,33.19 1 0
goweb/internal/users/service.go:29.16,31.3 1 0
goweb/internal/users/service.go:36.60,38.16 2 0
goweb/internal/users/service.go:42.2,42.18 1 0
goweb/internal/users/service.go:38.16,40.3 1 0
goweb/internal/users/service.go:45.135,48.16 2 0
goweb/internal/users/service.go:52.2,55.14 3 0
goweb/internal/users/service.go:59.2,59.21 1 0
goweb/internal/users/service.go:48.16,50.3 1 0
goweb/internal/users/service.go:55.14,57.3 1 0
goweb/internal/users/service.go:62.146,64.16 2 1
goweb/internal/users/service.go:67.2,67.18 1 1
goweb/internal/users/service.go:64.16,66.3 1 1
goweb/internal/users/service.go:70.87,72.16 2 0
goweb/internal/users/service.go:75.2,75.18 1 0
goweb/internal/users/service.go:72.16,74.3 1 0
goweb/internal/users/service.go:78.40,80.16 2 1
goweb/internal/users/service.go:83.2,83.12 1 1
goweb/internal/users/service.go:80.16,82.3 1 1
