mode: set
github.com/bootcamp-go/internal/transactions/service.go:17.39,19.2 1 1
github.com/bootcamp-go/internal/transactions/service.go:21.52,23.2 1 0
github.com/bootcamp-go/internal/transactions/service.go:25.103,27.16 2 1
github.com/bootcamp-go/internal/transactions/service.go:31.2,33.69 3 1
github.com/bootcamp-go/internal/transactions/service.go:27.16,29.3 1 0
github.com/bootcamp-go/internal/transactions/service.go:36.114,38.2 1 1
github.com/bootcamp-go/internal/transactions/service.go:40.104,42.2 1 0
github.com/bootcamp-go/internal/transactions/service.go:44.42,46.2 1 1
github.com/bootcamp-go/internal/transactions/repository.go:33.47,35.2 1 1
github.com/bootcamp-go/internal/transactions/repository.go:37.55,39.39 2 1
github.com/bootcamp-go/internal/transactions/repository.go:43.2,43.16 1 1
github.com/bootcamp-go/internal/transactions/repository.go:39.39,41.3 1 1
github.com/bootcamp-go/internal/transactions/repository.go:46.116,58.16 4 1
github.com/bootcamp-go/internal/transactions/repository.go:67.2,68.40 2 1
github.com/bootcamp-go/internal/transactions/repository.go:72.2,72.26 1 1
github.com/bootcamp-go/internal/transactions/repository.go:58.16,60.41 2 1
github.com/bootcamp-go/internal/transactions/repository.go:64.3,64.27 1 0
github.com/bootcamp-go/internal/transactions/repository.go:60.41,62.4 1 1
github.com/bootcamp-go/internal/transactions/repository.go:68.40,70.3 1 0
github.com/bootcamp-go/internal/transactions/repository.go:75.117,87.39 4 1
github.com/bootcamp-go/internal/transactions/repository.go:91.2,91.24 1 1
github.com/bootcamp-go/internal/transactions/repository.go:98.2,98.13 1 1
github.com/bootcamp-go/internal/transactions/repository.go:102.2,102.40 1 1
github.com/bootcamp-go/internal/transactions/repository.go:106.2,106.28 1 1
github.com/bootcamp-go/internal/transactions/repository.go:87.39,89.3 1 0
github.com/bootcamp-go/internal/transactions/repository.go:91.24,92.25 1 1
github.com/bootcamp-go/internal/transactions/repository.go:92.25,95.4 2 1
github.com/bootcamp-go/internal/transactions/repository.go:98.13,100.3 1 0
github.com/bootcamp-go/internal/transactions/repository.go:102.40,104.3 1 0
github.com/bootcamp-go/internal/transactions/repository.go:109.107,114.39 4 1
github.com/bootcamp-go/internal/transactions/repository.go:117.2,117.24 1 1
github.com/bootcamp-go/internal/transactions/repository.go:126.2,126.13 1 1
github.com/bootcamp-go/internal/transactions/repository.go:130.2,130.40 1 1
github.com/bootcamp-go/internal/transactions/repository.go:134.2,134.25 1 1
github.com/bootcamp-go/internal/transactions/repository.go:114.39,116.3 1 1
github.com/bootcamp-go/internal/transactions/repository.go:117.24,118.25 1 1
github.com/bootcamp-go/internal/transactions/repository.go:118.25,123.4 4 1
github.com/bootcamp-go/internal/transactions/repository.go:126.13,128.3 1 0
github.com/bootcamp-go/internal/transactions/repository.go:130.40,132.3 1 0
github.com/bootcamp-go/internal/transactions/repository.go:137.45,142.39 4 1
github.com/bootcamp-go/internal/transactions/repository.go:145.2,145.24 1 1
github.com/bootcamp-go/internal/transactions/repository.go:152.2,152.14 1 1
github.com/bootcamp-go/internal/transactions/repository.go:156.2,157.40 2 1
github.com/bootcamp-go/internal/transactions/repository.go:161.2,161.12 1 1
github.com/bootcamp-go/internal/transactions/repository.go:142.39,144.3 1 1
github.com/bootcamp-go/internal/transactions/repository.go:145.24,146.25 1 1
github.com/bootcamp-go/internal/transactions/repository.go:146.25,149.4 2 1
github.com/bootcamp-go/internal/transactions/repository.go:152.14,154.3 1 1
github.com/bootcamp-go/internal/transactions/repository.go:157.40,159.3 1 0
github.com/bootcamp-go/internal/transactions/repository.go:164.46,167.39 2 1
github.com/bootcamp-go/internal/transactions/repository.go:171.2,171.18 1 1
github.com/bootcamp-go/internal/transactions/repository.go:175.2,175.30 1 1
github.com/bootcamp-go/internal/transactions/repository.go:167.39,169.3 1 1
github.com/bootcamp-go/internal/transactions/repository.go:171.18,173.3 1 0
