mode: set
ejer02-TT/internal/transactions/repository.go:22.47,26.2 1 1
ejer02-TT/internal/transactions/repository.go:28.44,30.39 2 1
ejer02-TT/internal/transactions/repository.go:33.2,33.18 1 1
ejer02-TT/internal/transactions/repository.go:37.2,37.30 1 0
ejer02-TT/internal/transactions/repository.go:30.39,32.3 1 0
ejer02-TT/internal/transactions/repository.go:33.18,35.3 1 1
ejer02-TT/internal/transactions/repository.go:40.61,42.39 2 1
ejer02-TT/internal/transactions/repository.go:46.2,46.16 1 1
ejer02-TT/internal/transactions/repository.go:42.39,44.3 1 0
ejer02-TT/internal/transactions/repository.go:49.147,52.39 2 1
ejer02-TT/internal/transactions/repository.go:55.2,67.39 3 1
ejer02-TT/internal/transactions/repository.go:71.2,71.15 1 1
ejer02-TT/internal/transactions/repository.go:52.39,54.3 1 0
ejer02-TT/internal/transactions/repository.go:67.39,69.3 1 0
ejer02-TT/internal/transactions/repository.go:75.148,78.39 2 1
ejer02-TT/internal/transactions/repository.go:81.2,91.20 3 1
ejer02-TT/internal/transactions/repository.go:99.2,99.14 1 1
ejer02-TT/internal/transactions/repository.go:103.2,103.39 1 1
ejer02-TT/internal/transactions/repository.go:107.2,107.15 1 1
ejer02-TT/internal/transactions/repository.go:78.39,80.3 1 0
ejer02-TT/internal/transactions/repository.go:91.20,92.21 1 1
ejer02-TT/internal/transactions/repository.go:92.21,96.4 3 1
ejer02-TT/internal/transactions/repository.go:99.14,101.3 1 1
ejer02-TT/internal/transactions/repository.go:103.39,105.3 1 0
ejer02-TT/internal/transactions/repository.go:110.111,113.39 2 1
ejer02-TT/internal/transactions/repository.go:116.2,118.20 3 1
ejer02-TT/internal/transactions/repository.go:127.2,127.14 1 1
ejer02-TT/internal/transactions/repository.go:131.2,131.39 1 1
ejer02-TT/internal/transactions/repository.go:135.2,135.15 1 1
ejer02-TT/internal/transactions/repository.go:113.39,115.3 1 0
ejer02-TT/internal/transactions/repository.go:118.20,119.21 1 1
ejer02-TT/internal/transactions/repository.go:119.21,124.4 4 1
ejer02-TT/internal/transactions/repository.go:127.14,129.3 1 0
ejer02-TT/internal/transactions/repository.go:131.39,133.3 1 0
ejer02-TT/internal/transactions/repository.go:138.43,141.39 2 1
ejer02-TT/internal/transactions/repository.go:145.2,147.20 3 1
ejer02-TT/internal/transactions/repository.go:154.2,154.14 1 1
ejer02-TT/internal/transactions/repository.go:158.2,160.39 2 1
ejer02-TT/internal/transactions/repository.go:163.2,163.12 1 1
ejer02-TT/internal/transactions/repository.go:141.39,143.3 1 0
ejer02-TT/internal/transactions/repository.go:147.20,148.21 1 1
ejer02-TT/internal/transactions/repository.go:148.21,151.4 2 1
ejer02-TT/internal/transactions/repository.go:154.14,156.3 1 0
ejer02-TT/internal/transactions/repository.go:160.39,162.3 1 0
ejer02-TT/internal/transactions/service.go:17.39,21.2 1 1
ejer02-TT/internal/transactions/service.go:23.58,25.16 2 1
ejer02-TT/internal/transactions/service.go:28.2,28.19 1 1
ejer02-TT/internal/transactions/service.go:25.16,27.3 1 0
ejer02-TT/internal/transactions/service.go:31.136,33.16 2 1
ejer02-TT/internal/transactions/service.go:37.2,40.16 3 1
ejer02-TT/internal/transactions/service.go:44.2,44.25 1 1
ejer02-TT/internal/transactions/service.go:33.16,35.3 1 0
ejer02-TT/internal/transactions/service.go:40.16,42.3 1 0
ejer02-TT/internal/transactions/service.go:47.40,49.2 1 1
ejer02-TT/internal/transactions/service.go:51.145,53.2 1 1
ejer02-TT/internal/transactions/service.go:55.108,57.2 1 0
