mode: set
goweb/internal/transactions/repository.go:28.47,33.2 1 1
goweb/internal/transactions/repository.go:35.61,38.42 2 0
goweb/internal/transactions/repository.go:42.2,42.19 1 0
goweb/internal/transactions/repository.go:38.42,40.3 1 0
goweb/internal/transactions/repository.go:45.44,48.42 2 0
goweb/internal/transactions/repository.go:52.2,52.21 1 0
goweb/internal/transactions/repository.go:57.2,59.20 2 0
goweb/internal/transactions/repository.go:48.42,50.3 1 0
goweb/internal/transactions/repository.go:52.21,54.3 1 0
goweb/internal/transactions/repository.go:62.147,76.42 3 0
goweb/internal/transactions/repository.go:79.2,81.42 2 0
goweb/internal/transactions/repository.go:85.2,85.15 1 0
goweb/internal/transactions/repository.go:76.42,78.3 1 0
goweb/internal/transactions/repository.go:81.42,83.3 1 0
goweb/internal/transactions/repository.go:97.148,99.42 2 1
goweb/internal/transactions/repository.go:103.2,113.23 3 1
goweb/internal/transactions/repository.go:121.2,121.13 1 1
goweb/internal/transactions/repository.go:125.2,125.42 1 1
goweb/internal/transactions/repository.go:129.2,129.15 1 1
goweb/internal/transactions/repository.go:99.42,101.3 1 0
goweb/internal/transactions/repository.go:113.23,114.24 1 1
goweb/internal/transactions/repository.go:114.24,118.4 3 1
goweb/internal/transactions/repository.go:121.13,123.3 1 0
goweb/internal/transactions/repository.go:125.42,127.3 1 0
goweb/internal/transactions/repository.go:132.43,134.42 2 1
goweb/internal/transactions/repository.go:138.2,140.23 3 1
goweb/internal/transactions/repository.go:147.2,147.14 1 1
goweb/internal/transactions/repository.go:151.2,153.42 2 1
goweb/internal/transactions/repository.go:157.2,157.12 1 1
goweb/internal/transactions/repository.go:134.42,136.3 1 0
goweb/internal/transactions/repository.go:140.23,141.24 1 1
goweb/internal/transactions/repository.go:141.24,144.4 2 1
goweb/internal/transactions/repository.go:147.14,149.3 1 1
goweb/internal/transactions/repository.go:153.42,155.3 1 0
goweb/internal/transactions/repository.go:160.108,163.42 2 0
goweb/internal/transactions/repository.go:167.2,169.23 3 0
goweb/internal/transactions/repository.go:178.2,178.13 1 0
goweb/internal/transactions/repository.go:182.2,182.42 1 0
goweb/internal/transactions/repository.go:186.2,186.15 1 0
goweb/internal/transactions/repository.go:163.42,165.3 1 0
goweb/internal/transactions/repository.go:169.23,170.24 1 0
goweb/internal/transactions/repository.go:170.24,175.4 4 0
goweb/internal/transactions/repository.go:178.13,180.3 1 0
goweb/internal/transactions/repository.go:182.42,184.3 1 0
goweb/internal/transactions/service.go:19.39,23.2 1 1
goweb/internal/transactions/service.go:25.58,27.16 2 0
goweb/internal/transactions/service.go:30.2,30.19 1 0
goweb/internal/transactions/service.go:27.16,29.3 1 0
goweb/internal/transactions/service.go:33.136,35.16 2 0
goweb/internal/transactions/service.go:39.2,42.16 3 0
goweb/internal/transactions/service.go:46.2,46.25 1 0
goweb/internal/transactions/service.go:35.16,37.3 1 0
goweb/internal/transactions/service.go:42.16,44.3 1 0
goweb/internal/transactions/service.go:49.145,53.2 1 1
goweb/internal/transactions/service.go:55.40,59.2 1 1
goweb/internal/transactions/service.go:61.105,65.2 1 0
