mode: set
goweb/internal/transactions/errors.go:8.57,10.2 1 0
goweb/internal/transactions/errors.go:17.35,19.2 1 1
goweb/internal/transactions/repository.go:24.47,29.2 1 1
goweb/internal/transactions/repository.go:31.61,33.49 2 1
goweb/internal/transactions/repository.go:36.2,36.26 1 1
goweb/internal/transactions/repository.go:33.49,35.3 1 0
goweb/internal/transactions/repository.go:38.180,40.16 2 0
goweb/internal/transactions/repository.go:43.2,53.49 3 0
goweb/internal/transactions/repository.go:56.2,56.25 1 0
goweb/internal/transactions/repository.go:40.16,42.3 1 0
goweb/internal/transactions/repository.go:53.49,55.3 1 0
goweb/internal/transactions/repository.go:59.130,61.16 2 1
goweb/internal/transactions/repository.go:64.2,66.43 3 1
goweb/internal/transactions/repository.go:78.2,78.14 1 1
goweb/internal/transactions/repository.go:82.2,82.49 1 1
goweb/internal/transactions/repository.go:86.2,86.31 1 1
goweb/internal/transactions/repository.go:61.16,63.3 1 0
goweb/internal/transactions/repository.go:66.43,67.27 1 1
goweb/internal/transactions/repository.go:67.27,76.4 7 1
goweb/internal/transactions/repository.go:78.14,80.3 1 0
goweb/internal/transactions/repository.go:82.49,84.3 1 0
goweb/internal/transactions/repository.go:89.72,91.16 2 0
goweb/internal/transactions/repository.go:94.2,94.43 1 0
goweb/internal/transactions/repository.go:99.2,99.94 1 0
goweb/internal/transactions/repository.go:91.16,93.3 1 0
goweb/internal/transactions/repository.go:94.43,95.33 1 0
goweb/internal/transactions/repository.go:95.33,97.4 1 0
goweb/internal/transactions/repository.go:101.44,103.16 2 0
goweb/internal/transactions/repository.go:107.2,107.50 1 0
goweb/internal/transactions/repository.go:103.16,105.3 1 0
goweb/internal/transactions/repository.go:110.43,112.16 2 1
goweb/internal/transactions/repository.go:115.2,116.37 2 1
goweb/internal/transactions/repository.go:123.2,123.14 1 1
goweb/internal/transactions/repository.go:126.2,126.49 1 1
goweb/internal/transactions/repository.go:129.2,129.12 1 1
goweb/internal/transactions/repository.go:112.16,114.3 1 0
goweb/internal/transactions/repository.go:116.37,117.21 1 1
goweb/internal/transactions/repository.go:117.21,120.9 3 1
goweb/internal/transactions/repository.go:123.14,125.3 1 1
goweb/internal/transactions/repository.go:126.49,128.3 1 0
goweb/internal/transactions/repository.go:132.115,134.16 2 1
goweb/internal/transactions/repository.go:137.2,139.43 3 1
goweb/internal/transactions/repository.go:151.2,151.14 1 1
goweb/internal/transactions/repository.go:154.2,154.49 1 1
goweb/internal/transactions/repository.go:157.2,157.31 1 1
goweb/internal/transactions/repository.go:134.16,136.3 1 0
goweb/internal/transactions/repository.go:139.43,140.27 1 1
goweb/internal/transactions/repository.go:140.27,147.9 6 1
goweb/internal/transactions/repository.go:151.14,153.3 1 0
goweb/internal/transactions/repository.go:154.49,156.3 1 0
goweb/internal/transactions/service.go:24.42,28.2 1 1
goweb/internal/transactions/service.go:30.58,32.16 2 0
goweb/internal/transactions/service.go:35.2,35.26 1 0
goweb/internal/transactions/service.go:32.16,34.3 1 0
goweb/internal/transactions/service.go:38.50,40.2 1 1
goweb/internal/transactions/service.go:42.118,44.16 2 0
goweb/internal/transactions/service.go:48.2,51.36 4 0
goweb/internal/transactions/service.go:54.2,63.16 2 0
goweb/internal/transactions/service.go:66.2,66.25 1 0
goweb/internal/transactions/service.go:44.16,46.3 1 0
goweb/internal/transactions/service.go:51.36,53.3 1 0
goweb/internal/transactions/service.go:63.16,65.3 1 0
goweb/internal/transactions/service.go:69.63,71.16 2 0
goweb/internal/transactions/service.go:74.2,74.25 1 0
goweb/internal/transactions/service.go:71.16,73.3 1 0
goweb/internal/transactions/service.go:77.127,78.36 1 1
goweb/internal/transactions/service.go:81.2,88.16 2 1
goweb/internal/transactions/service.go:91.2,91.25 1 1
goweb/internal/transactions/service.go:78.36,80.3 1 0
goweb/internal/transactions/service.go:88.16,90.3 1 0
goweb/internal/transactions/service.go:94.40,95.42 1 1
goweb/internal/transactions/service.go:98.2,98.12 1 1
goweb/internal/transactions/service.go:95.42,97.3 1 1
goweb/internal/transactions/service.go:101.112,102.36 1 0
goweb/internal/transactions/service.go:105.2,106.16 2 0
goweb/internal/transactions/service.go:109.2,109.25 1 0
goweb/internal/transactions/service.go:102.36,104.3 1 0
goweb/internal/transactions/service.go:106.16,108.3 1 0
