mode: set
github.com/bootcamp-go/wave-5-backpack/tree/flood_patricio/goweb/internal/users/repository.go:24.47,28.2 1 1
github.com/bootcamp-go/wave-5-backpack/tree/flood_patricio/goweb/internal/users/repository.go:30.44,32.39 2 1
github.com/bootcamp-go/wave-5-backpack/tree/flood_patricio/goweb/internal/users/repository.go:35.2,35.17 1 1
github.com/bootcamp-go/wave-5-backpack/tree/flood_patricio/goweb/internal/users/repository.go:38.2,38.15 1 0
github.com/bootcamp-go/wave-5-backpack/tree/flood_patricio/goweb/internal/users/repository.go:32.39,34.3 1 0
github.com/bootcamp-go/wave-5-backpack/tree/flood_patricio/goweb/internal/users/repository.go:35.17,37.3 1 1
github.com/bootcamp-go/wave-5-backpack/tree/flood_patricio/goweb/internal/users/repository.go:41.59,43.39 2 1
github.com/bootcamp-go/wave-5-backpack/tree/flood_patricio/goweb/internal/users/repository.go:47.2,47.26 1 1
github.com/bootcamp-go/wave-5-backpack/tree/flood_patricio/goweb/internal/users/repository.go:53.2,53.59 1 1
github.com/bootcamp-go/wave-5-backpack/tree/flood_patricio/goweb/internal/users/repository.go:43.39,45.3 1 0
github.com/bootcamp-go/wave-5-backpack/tree/flood_patricio/goweb/internal/users/repository.go:47.26,48.20 1 1
github.com/bootcamp-go/wave-5-backpack/tree/flood_patricio/goweb/internal/users/repository.go:48.20,50.4 1 1
github.com/bootcamp-go/wave-5-backpack/tree/flood_patricio/goweb/internal/users/repository.go:56.84,58.39 2 1
github.com/bootcamp-go/wave-5-backpack/tree/flood_patricio/goweb/internal/users/repository.go:62.2,64.20 2 1
github.com/bootcamp-go/wave-5-backpack/tree/flood_patricio/goweb/internal/users/repository.go:58.39,60.3 1 0
github.com/bootcamp-go/wave-5-backpack/tree/flood_patricio/goweb/internal/users/repository.go:67.137,70.39 2 1
github.com/bootcamp-go/wave-5-backpack/tree/flood_patricio/goweb/internal/users/repository.go:74.2,89.18 4 1
github.com/bootcamp-go/wave-5-backpack/tree/flood_patricio/goweb/internal/users/repository.go:70.39,72.3 1 0
github.com/bootcamp-go/wave-5-backpack/tree/flood_patricio/goweb/internal/users/repository.go:92.138,94.39 2 1
github.com/bootcamp-go/wave-5-backpack/tree/flood_patricio/goweb/internal/users/repository.go:98.2,110.26 3 1
github.com/bootcamp-go/wave-5-backpack/tree/flood_patricio/goweb/internal/users/repository.go:118.2,118.14 1 1
github.com/bootcamp-go/wave-5-backpack/tree/flood_patricio/goweb/internal/users/repository.go:122.2,123.15 2 1
github.com/bootcamp-go/wave-5-backpack/tree/flood_patricio/goweb/internal/users/repository.go:94.39,96.3 1 0
github.com/bootcamp-go/wave-5-backpack/tree/flood_patricio/goweb/internal/users/repository.go:110.26,111.20 1 1
github.com/bootcamp-go/wave-5-backpack/tree/flood_patricio/goweb/internal/users/repository.go:111.20,114.9 3 1
github.com/bootcamp-go/wave-5-backpack/tree/flood_patricio/goweb/internal/users/repository.go:118.14,120.3 1 0
github.com/bootcamp-go/wave-5-backpack/tree/flood_patricio/goweb/internal/users/repository.go:126.91,128.39 2 1
github.com/bootcamp-go/wave-5-backpack/tree/flood_patricio/goweb/internal/users/repository.go:131.2,134.26 3 1
github.com/bootcamp-go/wave-5-backpack/tree/flood_patricio/goweb/internal/users/repository.go:148.2,148.14 1 1
github.com/bootcamp-go/wave-5-backpack/tree/flood_patricio/goweb/internal/users/repository.go:152.2,153.15 2 1
github.com/bootcamp-go/wave-5-backpack/tree/flood_patricio/goweb/internal/users/repository.go:128.39,130.3 1 0
github.com/bootcamp-go/wave-5-backpack/tree/flood_patricio/goweb/internal/users/repository.go:134.26,135.20 1 1
github.com/bootcamp-go/wave-5-backpack/tree/flood_patricio/goweb/internal/users/repository.go:135.20,136.16 1 1
github.com/bootcamp-go/wave-5-backpack/tree/flood_patricio/goweb/internal/users/repository.go:139.4,139.22 1 1
github.com/bootcamp-go/wave-5-backpack/tree/flood_patricio/goweb/internal/users/repository.go:142.4,144.9 3 1
github.com/bootcamp-go/wave-5-backpack/tree/flood_patricio/goweb/internal/users/repository.go:136.16,138.5 1 1
github.com/bootcamp-go/wave-5-backpack/tree/flood_patricio/goweb/internal/users/repository.go:139.22,141.5 1 1
github.com/bootcamp-go/wave-5-backpack/tree/flood_patricio/goweb/internal/users/repository.go:148.14,150.3 1 0
github.com/bootcamp-go/wave-5-backpack/tree/flood_patricio/goweb/internal/users/repository.go:156.43,158.39 2 1
github.com/bootcamp-go/wave-5-backpack/tree/flood_patricio/goweb/internal/users/repository.go:162.2,163.26 2 1
github.com/bootcamp-go/wave-5-backpack/tree/flood_patricio/goweb/internal/users/repository.go:170.2,170.14 1 1
github.com/bootcamp-go/wave-5-backpack/tree/flood_patricio/goweb/internal/users/repository.go:174.2,175.12 2 1
github.com/bootcamp-go/wave-5-backpack/tree/flood_patricio/goweb/internal/users/repository.go:158.39,160.3 1 0
github.com/bootcamp-go/wave-5-backpack/tree/flood_patricio/goweb/internal/users/repository.go:163.26,164.20 1 1
github.com/bootcamp-go/wave-5-backpack/tree/flood_patricio/goweb/internal/users/repository.go:164.20,167.9 3 1
github.com/bootcamp-go/wave-5-backpack/tree/flood_patricio/goweb/internal/users/repository.go:170.14,172.3 1 1
github.com/bootcamp-go/wave-5-backpack/tree/flood_patricio/goweb/internal/users/repository.go:178.95,181.29 2 1
github.com/bootcamp-go/wave-5-backpack/tree/flood_patricio/goweb/internal/users/repository.go:210.2,210.26 1 1
github.com/bootcamp-go/wave-5-backpack/tree/flood_patricio/goweb/internal/users/repository.go:181.29,182.51 1 1
github.com/bootcamp-go/wave-5-backpack/tree/flood_patricio/goweb/internal/users/repository.go:185.3,185.55 1 1
github.com/bootcamp-go/wave-5-backpack/tree/flood_patricio/goweb/internal/users/repository.go:188.3,188.79 1 1
github.com/bootcamp-go/wave-5-backpack/tree/flood_patricio/goweb/internal/users/repository.go:191.3,191.75 1 1
github.com/bootcamp-go/wave-5-backpack/tree/flood_patricio/goweb/internal/users/repository.go:194.3,194.63 1 1
github.com/bootcamp-go/wave-5-backpack/tree/flood_patricio/goweb/internal/users/repository.go:197.3,197.79 1 1
github.com/bootcamp-go/wave-5-backpack/tree/flood_patricio/goweb/internal/users/repository.go:200.3,200.67 1 1
github.com/bootcamp-go/wave-5-backpack/tree/flood_patricio/goweb/internal/users/repository.go:203.3,203.67 1 1
github.com/bootcamp-go/wave-5-backpack/tree/flood_patricio/goweb/internal/users/repository.go:207.3,207.42 1 1
github.com/bootcamp-go/wave-5-backpack/tree/flood_patricio/goweb/internal/users/repository.go:182.51,183.12 1 0
github.com/bootcamp-go/wave-5-backpack/tree/flood_patricio/goweb/internal/users/repository.go:185.55,186.12 1 0
github.com/bootcamp-go/wave-5-backpack/tree/flood_patricio/goweb/internal/users/repository.go:188.79,189.12 1 0
github.com/bootcamp-go/wave-5-backpack/tree/flood_patricio/goweb/internal/users/repository.go:191.75,192.12 1 0
github.com/bootcamp-go/wave-5-backpack/tree/flood_patricio/goweb/internal/users/repository.go:194.63,195.12 1 0
github.com/bootcamp-go/wave-5-backpack/tree/flood_patricio/goweb/internal/users/repository.go:197.79,198.12 1 0
github.com/bootcamp-go/wave-5-backpack/tree/flood_patricio/goweb/internal/users/repository.go:200.67,201.12 1 0
github.com/bootcamp-go/wave-5-backpack/tree/flood_patricio/goweb/internal/users/repository.go:203.67,204.12 1 0
github.com/bootcamp-go/wave-5-backpack/tree/flood_patricio/goweb/internal/users/service.go:23.56,25.2 1 1
github.com/bootcamp-go/wave-5-backpack/tree/flood_patricio/goweb/internal/users/service.go:27.81,29.2 1 0
github.com/bootcamp-go/wave-5-backpack/tree/flood_patricio/goweb/internal/users/service.go:31.119,33.16 2 1
github.com/bootcamp-go/wave-5-backpack/tree/flood_patricio/goweb/internal/users/service.go:37.2,43.18 5 1
github.com/bootcamp-go/wave-5-backpack/tree/flood_patricio/goweb/internal/users/service.go:33.16,35.3 1 0
github.com/bootcamp-go/wave-5-backpack/tree/flood_patricio/goweb/internal/users/service.go:46.135,48.2 1 1
github.com/bootcamp-go/wave-5-backpack/tree/flood_patricio/goweb/internal/users/service.go:50.88,52.2 1 0
github.com/bootcamp-go/wave-5-backpack/tree/flood_patricio/goweb/internal/users/service.go:54.40,56.2 1 1
github.com/bootcamp-go/wave-5-backpack/tree/flood_patricio/goweb/internal/users/service.go:58.39,62.2 1 1
