mode: set
github.com/bootcamp-go/wave-5-backpack/goweb/internal/products/repository.go:25.47,29.2 1 1
github.com/bootcamp-go/wave-5-backpack/goweb/internal/products/repository.go:31.56,33.45 2 1
github.com/bootcamp-go/wave-5-backpack/goweb/internal/products/repository.go:37.2,37.22 1 1
github.com/bootcamp-go/wave-5-backpack/goweb/internal/products/repository.go:33.45,35.3 1 0
github.com/bootcamp-go/wave-5-backpack/goweb/internal/products/repository.go:40.64,42.45 2 0
github.com/bootcamp-go/wave-5-backpack/goweb/internal/products/repository.go:46.2,46.29 1 0
github.com/bootcamp-go/wave-5-backpack/goweb/internal/products/repository.go:52.2,52.62 1 0
github.com/bootcamp-go/wave-5-backpack/goweb/internal/products/repository.go:42.45,44.3 1 0
github.com/bootcamp-go/wave-5-backpack/goweb/internal/products/repository.go:46.29,47.17 1 0
github.com/bootcamp-go/wave-5-backpack/goweb/internal/products/repository.go:47.17,49.4 1 0
github.com/bootcamp-go/wave-5-backpack/goweb/internal/products/repository.go:55.146,57.45 2 0
github.com/bootcamp-go/wave-5-backpack/goweb/internal/products/repository.go:61.2,73.45 3 0
github.com/bootcamp-go/wave-5-backpack/goweb/internal/products/repository.go:77.2,77.21 1 0
github.com/bootcamp-go/wave-5-backpack/goweb/internal/products/repository.go:57.45,59.3 1 0
github.com/bootcamp-go/wave-5-backpack/goweb/internal/products/repository.go:73.45,75.3 1 0
github.com/bootcamp-go/wave-5-backpack/goweb/internal/products/repository.go:80.43,82.45 2 0
github.com/bootcamp-go/wave-5-backpack/goweb/internal/products/repository.go:86.2,86.24 1 0
github.com/bootcamp-go/wave-5-backpack/goweb/internal/products/repository.go:89.2,91.25 2 0
github.com/bootcamp-go/wave-5-backpack/goweb/internal/products/repository.go:82.45,84.3 1 0
github.com/bootcamp-go/wave-5-backpack/goweb/internal/products/repository.go:86.24,88.3 1 0
github.com/bootcamp-go/wave-5-backpack/goweb/internal/products/repository.go:94.150,96.45 2 0
github.com/bootcamp-go/wave-5-backpack/goweb/internal/products/repository.go:100.2,109.29 2 0
github.com/bootcamp-go/wave-5-backpack/goweb/internal/products/repository.go:121.2,121.88 1 0
github.com/bootcamp-go/wave-5-backpack/goweb/internal/products/repository.go:96.45,98.3 1 0
github.com/bootcamp-go/wave-5-backpack/goweb/internal/products/repository.go:109.29,110.17 1 0
github.com/bootcamp-go/wave-5-backpack/goweb/internal/products/repository.go:110.17,114.48 4 0
github.com/bootcamp-go/wave-5-backpack/goweb/internal/products/repository.go:117.4,117.23 1 0
github.com/bootcamp-go/wave-5-backpack/goweb/internal/products/repository.go:114.48,116.5 1 0
github.com/bootcamp-go/wave-5-backpack/goweb/internal/products/repository.go:125.42,127.45 2 1
github.com/bootcamp-go/wave-5-backpack/goweb/internal/products/repository.go:131.2,131.29 1 1
github.com/bootcamp-go/wave-5-backpack/goweb/internal/products/repository.go:140.2,140.71 1 1
github.com/bootcamp-go/wave-5-backpack/goweb/internal/products/repository.go:127.45,129.3 1 0
github.com/bootcamp-go/wave-5-backpack/goweb/internal/products/repository.go:131.29,132.17 1 1
github.com/bootcamp-go/wave-5-backpack/goweb/internal/products/repository.go:132.17,134.48 2 1
github.com/bootcamp-go/wave-5-backpack/goweb/internal/products/repository.go:137.4,137.14 1 1
github.com/bootcamp-go/wave-5-backpack/goweb/internal/products/repository.go:134.48,136.5 1 0
github.com/bootcamp-go/wave-5-backpack/goweb/internal/products/repository.go:143.91,145.45 2 1
github.com/bootcamp-go/wave-5-backpack/goweb/internal/products/repository.go:149.2,149.29 1 1
github.com/bootcamp-go/wave-5-backpack/goweb/internal/products/repository.go:161.2,161.89 1 0
github.com/bootcamp-go/wave-5-backpack/goweb/internal/products/repository.go:145.45,147.3 1 0
github.com/bootcamp-go/wave-5-backpack/goweb/internal/products/repository.go:149.29,150.17 1 1
github.com/bootcamp-go/wave-5-backpack/goweb/internal/products/repository.go:150.17,154.48 4 1
github.com/bootcamp-go/wave-5-backpack/goweb/internal/products/repository.go:157.4,157.17 1 1
github.com/bootcamp-go/wave-5-backpack/goweb/internal/products/repository.go:154.48,156.5 1 0
github.com/bootcamp-go/wave-5-backpack/goweb/internal/products/servicie.go:20.39,24.2 1 1
github.com/bootcamp-go/wave-5-backpack/goweb/internal/products/servicie.go:26.53,28.16 2 1
github.com/bootcamp-go/wave-5-backpack/goweb/internal/products/servicie.go:32.2,32.22 1 1
github.com/bootcamp-go/wave-5-backpack/goweb/internal/products/servicie.go:28.16,30.3 1 0
github.com/bootcamp-go/wave-5-backpack/goweb/internal/products/servicie.go:35.61,38.16 2 0
github.com/bootcamp-go/wave-5-backpack/goweb/internal/products/servicie.go:42.2,42.21 1 0
github.com/bootcamp-go/wave-5-backpack/goweb/internal/products/servicie.go:38.16,40.3 1 0
github.com/bootcamp-go/wave-5-backpack/goweb/internal/products/servicie.go:45.135,47.16 2 0
github.com/bootcamp-go/wave-5-backpack/goweb/internal/products/servicie.go:51.2,52.16 2 0
github.com/bootcamp-go/wave-5-backpack/goweb/internal/products/servicie.go:56.2,56.24 1 0
github.com/bootcamp-go/wave-5-backpack/goweb/internal/products/servicie.go:47.16,49.3 1 0
github.com/bootcamp-go/wave-5-backpack/goweb/internal/products/servicie.go:52.16,54.3 1 0
github.com/bootcamp-go/wave-5-backpack/goweb/internal/products/servicie.go:59.147,62.16 2 0
github.com/bootcamp-go/wave-5-backpack/goweb/internal/products/servicie.go:66.2,66.21 1 0
github.com/bootcamp-go/wave-5-backpack/goweb/internal/products/servicie.go:62.16,64.3 1 0
github.com/bootcamp-go/wave-5-backpack/goweb/internal/products/servicie.go:70.39,71.48 1 1
github.com/bootcamp-go/wave-5-backpack/goweb/internal/products/servicie.go:75.2,75.12 1 1
github.com/bootcamp-go/wave-5-backpack/goweb/internal/products/servicie.go:71.48,73.3 1 1
github.com/bootcamp-go/wave-5-backpack/goweb/internal/products/servicie.go:78.88,81.16 2 1
github.com/bootcamp-go/wave-5-backpack/goweb/internal/products/servicie.go:85.2,85.21 1 1
github.com/bootcamp-go/wave-5-backpack/goweb/internal/products/servicie.go:81.16,83.3 1 0
