mode: set
github.com/bootcamp-go/wave-5-backpack/tree/ospina_christian/testing/c2_testingTM/internal/productos/repository.go:30.47,34.2 1 1
github.com/bootcamp-go/wave-5-backpack/tree/ospina_christian/testing/c2_testingTM/internal/productos/repository.go:36.171,39.39 2 1
github.com/bootcamp-go/wave-5-backpack/tree/ospina_christian/testing/c2_testingTM/internal/productos/repository.go:42.2,46.39 3 1
github.com/bootcamp-go/wave-5-backpack/tree/ospina_christian/testing/c2_testingTM/internal/productos/repository.go:49.2,49.15 1 1
github.com/bootcamp-go/wave-5-backpack/tree/ospina_christian/testing/c2_testingTM/internal/productos/repository.go:39.39,41.3 1 0
github.com/bootcamp-go/wave-5-backpack/tree/ospina_christian/testing/c2_testingTM/internal/productos/repository.go:46.39,48.3 1 0
github.com/bootcamp-go/wave-5-backpack/tree/ospina_christian/testing/c2_testingTM/internal/productos/repository.go:52.172,54.39 2 1
github.com/bootcamp-go/wave-5-backpack/tree/ospina_christian/testing/c2_testingTM/internal/productos/repository.go:58.2,60.20 3 1
github.com/bootcamp-go/wave-5-backpack/tree/ospina_christian/testing/c2_testingTM/internal/productos/repository.go:67.2,67.14 1 1
github.com/bootcamp-go/wave-5-backpack/tree/ospina_christian/testing/c2_testingTM/internal/productos/repository.go:70.2,70.39 1 1
github.com/bootcamp-go/wave-5-backpack/tree/ospina_christian/testing/c2_testingTM/internal/productos/repository.go:73.2,73.15 1 1
github.com/bootcamp-go/wave-5-backpack/tree/ospina_christian/testing/c2_testingTM/internal/productos/repository.go:54.39,56.3 1 0
github.com/bootcamp-go/wave-5-backpack/tree/ospina_christian/testing/c2_testingTM/internal/productos/repository.go:60.20,61.21 1 1
github.com/bootcamp-go/wave-5-backpack/tree/ospina_christian/testing/c2_testingTM/internal/productos/repository.go:61.21,65.4 3 1
github.com/bootcamp-go/wave-5-backpack/tree/ospina_christian/testing/c2_testingTM/internal/productos/repository.go:67.14,69.3 1 0
github.com/bootcamp-go/wave-5-backpack/tree/ospina_christian/testing/c2_testingTM/internal/productos/repository.go:70.39,72.3 1 0
github.com/bootcamp-go/wave-5-backpack/tree/ospina_christian/testing/c2_testingTM/internal/productos/repository.go:76.85,78.39 2 1
github.com/bootcamp-go/wave-5-backpack/tree/ospina_christian/testing/c2_testingTM/internal/productos/repository.go:81.2,83.20 3 1
github.com/bootcamp-go/wave-5-backpack/tree/ospina_christian/testing/c2_testingTM/internal/productos/repository.go:90.2,90.14 1 1
github.com/bootcamp-go/wave-5-backpack/tree/ospina_christian/testing/c2_testingTM/internal/productos/repository.go:93.2,93.39 1 1
github.com/bootcamp-go/wave-5-backpack/tree/ospina_christian/testing/c2_testingTM/internal/productos/repository.go:96.2,96.15 1 1
github.com/bootcamp-go/wave-5-backpack/tree/ospina_christian/testing/c2_testingTM/internal/productos/repository.go:78.39,80.3 1 0
github.com/bootcamp-go/wave-5-backpack/tree/ospina_christian/testing/c2_testingTM/internal/productos/repository.go:83.20,84.21 1 1
github.com/bootcamp-go/wave-5-backpack/tree/ospina_christian/testing/c2_testingTM/internal/productos/repository.go:84.21,88.4 3 1
github.com/bootcamp-go/wave-5-backpack/tree/ospina_christian/testing/c2_testingTM/internal/productos/repository.go:90.14,92.3 1 0
github.com/bootcamp-go/wave-5-backpack/tree/ospina_christian/testing/c2_testingTM/internal/productos/repository.go:93.39,95.3 1 0
github.com/bootcamp-go/wave-5-backpack/tree/ospina_christian/testing/c2_testingTM/internal/productos/repository.go:99.43,101.39 2 1
github.com/bootcamp-go/wave-5-backpack/tree/ospina_christian/testing/c2_testingTM/internal/productos/repository.go:104.2,106.20 3 1
github.com/bootcamp-go/wave-5-backpack/tree/ospina_christian/testing/c2_testingTM/internal/productos/repository.go:112.2,112.14 1 1
github.com/bootcamp-go/wave-5-backpack/tree/ospina_christian/testing/c2_testingTM/internal/productos/repository.go:115.2,116.39 2 1
github.com/bootcamp-go/wave-5-backpack/tree/ospina_christian/testing/c2_testingTM/internal/productos/repository.go:119.2,119.12 1 1
github.com/bootcamp-go/wave-5-backpack/tree/ospina_christian/testing/c2_testingTM/internal/productos/repository.go:101.39,103.3 1 1
github.com/bootcamp-go/wave-5-backpack/tree/ospina_christian/testing/c2_testingTM/internal/productos/repository.go:106.20,107.21 1 1
github.com/bootcamp-go/wave-5-backpack/tree/ospina_christian/testing/c2_testingTM/internal/productos/repository.go:107.21,110.4 2 1
github.com/bootcamp-go/wave-5-backpack/tree/ospina_christian/testing/c2_testingTM/internal/productos/repository.go:112.14,114.3 1 0
github.com/bootcamp-go/wave-5-backpack/tree/ospina_christian/testing/c2_testingTM/internal/productos/repository.go:116.39,118.3 1 0
github.com/bootcamp-go/wave-5-backpack/tree/ospina_christian/testing/c2_testingTM/internal/productos/repository.go:122.65,124.39 2 1
github.com/bootcamp-go/wave-5-backpack/tree/ospina_christian/testing/c2_testingTM/internal/productos/repository.go:127.2,129.20 3 1
github.com/bootcamp-go/wave-5-backpack/tree/ospina_christian/testing/c2_testingTM/internal/productos/repository.go:135.2,135.14 1 1
github.com/bootcamp-go/wave-5-backpack/tree/ospina_christian/testing/c2_testingTM/internal/productos/repository.go:138.2,138.15 1 1
github.com/bootcamp-go/wave-5-backpack/tree/ospina_christian/testing/c2_testingTM/internal/productos/repository.go:124.39,126.3 1 1
github.com/bootcamp-go/wave-5-backpack/tree/ospina_christian/testing/c2_testingTM/internal/productos/repository.go:129.20,130.21 1 1
github.com/bootcamp-go/wave-5-backpack/tree/ospina_christian/testing/c2_testingTM/internal/productos/repository.go:130.21,133.4 2 1
github.com/bootcamp-go/wave-5-backpack/tree/ospina_christian/testing/c2_testingTM/internal/productos/repository.go:135.14,137.3 1 1
github.com/bootcamp-go/wave-5-backpack/tree/ospina_christian/testing/c2_testingTM/internal/productos/repository.go:141.59,143.39 2 1
github.com/bootcamp-go/wave-5-backpack/tree/ospina_christian/testing/c2_testingTM/internal/productos/repository.go:146.2,146.16 1 1
github.com/bootcamp-go/wave-5-backpack/tree/ospina_christian/testing/c2_testingTM/internal/productos/repository.go:143.39,145.3 1 1
github.com/bootcamp-go/wave-5-backpack/tree/ospina_christian/testing/c2_testingTM/internal/productos/repository.go:149.44,151.39 2 1
github.com/bootcamp-go/wave-5-backpack/tree/ospina_christian/testing/c2_testingTM/internal/productos/repository.go:154.2,154.18 1 1
github.com/bootcamp-go/wave-5-backpack/tree/ospina_christian/testing/c2_testingTM/internal/productos/repository.go:157.2,157.30 1 1
github.com/bootcamp-go/wave-5-backpack/tree/ospina_christian/testing/c2_testingTM/internal/productos/repository.go:151.39,153.3 1 0
github.com/bootcamp-go/wave-5-backpack/tree/ospina_christian/testing/c2_testingTM/internal/productos/repository.go:154.18,156.3 1 0
github.com/bootcamp-go/wave-5-backpack/tree/ospina_christian/testing/c2_testingTM/internal/productos/services.go:22.39,24.2 1 1
github.com/bootcamp-go/wave-5-backpack/tree/ospina_christian/testing/c2_testingTM/internal/productos/services.go:26.169,28.16 2 1
github.com/bootcamp-go/wave-5-backpack/tree/ospina_christian/testing/c2_testingTM/internal/productos/services.go:31.2,31.15 1 1
github.com/bootcamp-go/wave-5-backpack/tree/ospina_christian/testing/c2_testingTM/internal/productos/services.go:28.16,30.3 1 0
github.com/bootcamp-go/wave-5-backpack/tree/ospina_christian/testing/c2_testingTM/internal/productos/services.go:34.160,36.16 2 1
github.com/bootcamp-go/wave-5-backpack/tree/ospina_christian/testing/c2_testingTM/internal/productos/services.go:39.2,41.16 3 1
github.com/bootcamp-go/wave-5-backpack/tree/ospina_christian/testing/c2_testingTM/internal/productos/services.go:44.2,44.21 1 1
github.com/bootcamp-go/wave-5-backpack/tree/ospina_christian/testing/c2_testingTM/internal/productos/services.go:36.16,38.3 1 0
github.com/bootcamp-go/wave-5-backpack/tree/ospina_christian/testing/c2_testingTM/internal/productos/services.go:41.16,43.3 1 0
github.com/bootcamp-go/wave-5-backpack/tree/ospina_christian/testing/c2_testingTM/internal/productos/services.go:48.56,50.16 2 1
github.com/bootcamp-go/wave-5-backpack/tree/ospina_christian/testing/c2_testingTM/internal/productos/services.go:53.2,53.22 1 1
github.com/bootcamp-go/wave-5-backpack/tree/ospina_christian/testing/c2_testingTM/internal/productos/services.go:50.16,52.3 1 1
github.com/bootcamp-go/wave-5-backpack/tree/ospina_christian/testing/c2_testingTM/internal/productos/services.go:56.62,58.16 2 1
github.com/bootcamp-go/wave-5-backpack/tree/ospina_christian/testing/c2_testingTM/internal/productos/services.go:61.2,61.21 1 1
github.com/bootcamp-go/wave-5-backpack/tree/ospina_christian/testing/c2_testingTM/internal/productos/services.go:58.16,60.3 1 1
github.com/bootcamp-go/wave-5-backpack/tree/ospina_christian/testing/c2_testingTM/internal/productos/services.go:64.82,66.16 2 1
github.com/bootcamp-go/wave-5-backpack/tree/ospina_christian/testing/c2_testingTM/internal/productos/services.go:69.2,69.21 1 1
github.com/bootcamp-go/wave-5-backpack/tree/ospina_christian/testing/c2_testingTM/internal/productos/services.go:66.16,68.3 1 0
github.com/bootcamp-go/wave-5-backpack/tree/ospina_christian/testing/c2_testingTM/internal/productos/services.go:72.40,73.42 1 1
github.com/bootcamp-go/wave-5-backpack/tree/ospina_christian/testing/c2_testingTM/internal/productos/services.go:76.2,76.12 1 1
github.com/bootcamp-go/wave-5-backpack/tree/ospina_christian/testing/c2_testingTM/internal/productos/services.go:73.42,75.3 1 1
