mode: set
clase3-testing-prt1/internal/transactions/repository.go:35.45,39.2 1 1
clase3-testing-prt1/internal/transactions/repository.go:41.61,43.39 2 1
clase3-testing-prt1/internal/transactions/repository.go:46.2,46.16 1 1
clase3-testing-prt1/internal/transactions/repository.go:43.39,45.3 1 1
clase3-testing-prt1/internal/transactions/repository.go:50.76,54.39 2 0
clase3-testing-prt1/internal/transactions/repository.go:58.2,62.39 3 0
clase3-testing-prt1/internal/transactions/repository.go:66.2,66.15 1 0
clase3-testing-prt1/internal/transactions/repository.go:54.39,56.3 1 0
clase3-testing-prt1/internal/transactions/repository.go:62.39,64.3 1 0
clase3-testing-prt1/internal/transactions/repository.go:69.44,71.39 2 0
clase3-testing-prt1/internal/transactions/repository.go:74.2,74.18 1 0
clase3-testing-prt1/internal/transactions/repository.go:78.2,78.30 1 0
clase3-testing-prt1/internal/transactions/repository.go:71.39,73.3 1 0
clase3-testing-prt1/internal/transactions/repository.go:74.18,76.3 1 0
clase3-testing-prt1/internal/transactions/repository.go:81.65,84.39 2 1
clase3-testing-prt1/internal/transactions/repository.go:88.2,88.33 1 1
clase3-testing-prt1/internal/transactions/repository.go:93.2,93.54 1 1
clase3-testing-prt1/internal/transactions/repository.go:84.39,86.3 1 0
clase3-testing-prt1/internal/transactions/repository.go:88.33,89.27 1 1
clase3-testing-prt1/internal/transactions/repository.go:89.27,91.4 1 1
clase3-testing-prt1/internal/transactions/repository.go:97.61,101.39 2 1
clase3-testing-prt1/internal/transactions/repository.go:105.2,115.20 3 1
clase3-testing-prt1/internal/transactions/repository.go:124.2,124.13 1 1
clase3-testing-prt1/internal/transactions/repository.go:128.2,128.39 1 1
clase3-testing-prt1/internal/transactions/repository.go:132.2,132.18 1 1
clase3-testing-prt1/internal/transactions/repository.go:101.39,103.3 1 0
clase3-testing-prt1/internal/transactions/repository.go:115.20,116.21 1 1
clase3-testing-prt1/internal/transactions/repository.go:116.21,120.9 4 1
clase3-testing-prt1/internal/transactions/repository.go:124.13,126.3 1 0
clase3-testing-prt1/internal/transactions/repository.go:128.39,130.3 1 0
clase3-testing-prt1/internal/transactions/repository.go:135.99,137.39 2 1
clase3-testing-prt1/internal/transactions/repository.go:141.2,143.20 3 1
clase3-testing-prt1/internal/transactions/repository.go:153.2,153.13 1 1
clase3-testing-prt1/internal/transactions/repository.go:156.2,156.39 1 1
clase3-testing-prt1/internal/transactions/repository.go:160.2,160.18 1 1
clase3-testing-prt1/internal/transactions/repository.go:137.39,139.3 1 0
clase3-testing-prt1/internal/transactions/repository.go:143.20,144.21 1 1
clase3-testing-prt1/internal/transactions/repository.go:144.21,149.9 5 1
clase3-testing-prt1/internal/transactions/repository.go:153.13,155.3 1 0
clase3-testing-prt1/internal/transactions/repository.go:156.39,158.3 1 0
clase3-testing-prt1/internal/transactions/repository.go:163.43,166.39 2 1
clase3-testing-prt1/internal/transactions/repository.go:170.2,173.20 3 1
clase3-testing-prt1/internal/transactions/repository.go:180.2,180.14 1 1
clase3-testing-prt1/internal/transactions/repository.go:184.2,186.39 2 1
clase3-testing-prt1/internal/transactions/repository.go:190.2,190.12 1 1
clase3-testing-prt1/internal/transactions/repository.go:166.39,168.3 1 0
clase3-testing-prt1/internal/transactions/repository.go:173.20,174.21 1 1
clase3-testing-prt1/internal/transactions/repository.go:174.21,177.9 3 1
clase3-testing-prt1/internal/transactions/repository.go:180.14,182.3 1 1
clase3-testing-prt1/internal/transactions/repository.go:186.39,188.3 1 0
clase3-testing-prt1/internal/transactions/service.go:22.39,26.2 1 1
clase3-testing-prt1/internal/transactions/service.go:28.58,30.16 2 1
clase3-testing-prt1/internal/transactions/service.go:34.2,34.16 1 1
clase3-testing-prt1/internal/transactions/service.go:30.16,32.3 1 1
clase3-testing-prt1/internal/transactions/service.go:38.76,41.16 2 0
clase3-testing-prt1/internal/transactions/service.go:44.2,47.16 3 0
clase3-testing-prt1/internal/transactions/service.go:51.2,51.25 1 0
clase3-testing-prt1/internal/transactions/service.go:41.16,43.3 1 0
clase3-testing-prt1/internal/transactions/service.go:47.16,49.3 1 0
clase3-testing-prt1/internal/transactions/service.go:54.62,56.16 2 1
clase3-testing-prt1/internal/transactions/service.go:60.2,60.16 1 1
clase3-testing-prt1/internal/transactions/service.go:56.16,58.3 1 1
clase3-testing-prt1/internal/transactions/service.go:64.61,67.2 1 1
clase3-testing-prt1/internal/transactions/service.go:69.96,71.2 1 0
clase3-testing-prt1/internal/transactions/service.go:73.40,75.2 1 1
