mode: set
goweb/clase1_clase2/internal/products/repository.go:31.47,35.2 1 1
goweb/clase1_clase2/internal/products/repository.go:37.141,39.46 2 1
goweb/clase1_clase2/internal/products/repository.go:42.2,43.16 2 1
goweb/clase1_clase2/internal/products/repository.go:39.46,41.3 1 1
goweb/clase1_clase2/internal/products/repository.go:46.138,48.46 2 1
goweb/clase1_clase2/internal/products/repository.go:51.2,52.16 2 1
goweb/clase1_clase2/internal/products/repository.go:55.2,59.46 4 1
goweb/clase1_clase2/internal/products/repository.go:62.2,62.15 1 1
goweb/clase1_clase2/internal/products/repository.go:48.46,50.3 1 0
goweb/clase1_clase2/internal/products/repository.go:52.16,54.3 1 0
goweb/clase1_clase2/internal/products/repository.go:59.46,61.3 1 1
goweb/clase1_clase2/internal/products/repository.go:65.147,67.46 2 1
goweb/clase1_clase2/internal/products/repository.go:70.2,72.39 3 1
goweb/clase1_clase2/internal/products/repository.go:82.2,82.13 1 1
goweb/clase1_clase2/internal/products/repository.go:85.2,85.15 1 1
goweb/clase1_clase2/internal/products/repository.go:67.46,69.3 1 1
goweb/clase1_clase2/internal/products/repository.go:72.39,73.24 1 1
goweb/clase1_clase2/internal/products/repository.go:73.24,75.48 2 1
goweb/clase1_clase2/internal/products/repository.go:78.4,79.9 2 1
goweb/clase1_clase2/internal/products/repository.go:75.48,77.5 1 0
goweb/clase1_clase2/internal/products/repository.go:82.13,84.3 1 0
goweb/clase1_clase2/internal/products/repository.go:88.61,90.46 2 1
goweb/clase1_clase2/internal/products/repository.go:93.2,95.39 3 1
goweb/clase1_clase2/internal/products/repository.go:105.2,105.14 1 1
goweb/clase1_clase2/internal/products/repository.go:108.2,108.23 1 1
goweb/clase1_clase2/internal/products/repository.go:90.46,92.3 1 0
goweb/clase1_clase2/internal/products/repository.go:95.39,96.24 1 1
goweb/clase1_clase2/internal/products/repository.go:96.24,100.48 4 1
goweb/clase1_clase2/internal/products/repository.go:100.48,102.5 1 0
goweb/clase1_clase2/internal/products/repository.go:105.14,107.3 1 1
goweb/clase1_clase2/internal/products/repository.go:111.94,113.46 2 1
goweb/clase1_clase2/internal/products/repository.go:116.2,118.39 3 1
goweb/clase1_clase2/internal/products/repository.go:130.2,130.13 1 1
goweb/clase1_clase2/internal/products/repository.go:133.2,133.15 1 1
goweb/clase1_clase2/internal/products/repository.go:113.46,115.3 1 0
goweb/clase1_clase2/internal/products/repository.go:118.39,119.24 1 1
goweb/clase1_clase2/internal/products/repository.go:119.24,124.48 5 1
goweb/clase1_clase2/internal/products/repository.go:127.4,127.9 1 1
goweb/clase1_clase2/internal/products/repository.go:124.48,126.5 1 0
goweb/clase1_clase2/internal/products/repository.go:130.13,132.3 1 0
goweb/clase1_clase2/internal/products/repository.go:136.62,138.46 2 0
goweb/clase1_clase2/internal/products/repository.go:141.2,141.30 1 0
goweb/clase1_clase2/internal/products/repository.go:146.2,146.58 1 0
goweb/clase1_clase2/internal/products/repository.go:138.46,140.3 1 0
goweb/clase1_clase2/internal/products/repository.go:141.30,142.17 1 0
goweb/clase1_clase2/internal/products/repository.go:142.17,144.4 1 0
goweb/clase1_clase2/internal/products/repository.go:149.44,151.46 2 1
goweb/clase1_clase2/internal/products/repository.go:154.2,154.25 1 1
goweb/clase1_clase2/internal/products/repository.go:157.2,157.44 1 0
goweb/clase1_clase2/internal/products/repository.go:151.46,153.3 1 0
goweb/clase1_clase2/internal/products/repository.go:154.25,156.3 1 1
goweb/clase1_clase2/internal/products/repository.go:185.137,193.37 7 1
goweb/clase1_clase2/internal/products/repository.go:198.2,202.31 4 1
goweb/clase1_clase2/internal/products/repository.go:211.2,212.22 2 1
goweb/clase1_clase2/internal/products/repository.go:193.37,194.55 1 1
goweb/clase1_clase2/internal/products/repository.go:194.55,196.4 1 0
goweb/clase1_clase2/internal/products/repository.go:202.31,203.31 1 0
goweb/clase1_clase2/internal/products/repository.go:208.3,209.46 2 0
goweb/clase1_clase2/internal/products/repository.go:203.31,204.33 1 0
goweb/clase1_clase2/internal/products/repository.go:204.33,206.5 1 0
goweb/clase1_clase2/internal/products/repository.go:215.127,227.2 9 1
goweb/clase1_clase2/internal/products/repository.go:229.70,233.30 3 1
goweb/clase1_clase2/internal/products/repository.go:247.2,247.21 1 1
goweb/clase1_clase2/internal/products/repository.go:233.30,245.3 10 1
goweb/clase1_clase2/internal/products/repository.go:250.70,254.30 3 1
goweb/clase1_clase2/internal/products/repository.go:267.2,267.17 1 1
goweb/clase1_clase2/internal/products/repository.go:254.30,265.3 9 1
goweb/clase1_clase2/internal/products/service.go:20.39,24.2 1 1
goweb/clase1_clase2/internal/products/service.go:26.138,28.2 1 1
goweb/clase1_clase2/internal/products/service.go:30.135,32.2 1 1
goweb/clase1_clase2/internal/products/service.go:34.144,36.2 1 1
goweb/clase1_clase2/internal/products/service.go:38.58,40.2 1 1
goweb/clase1_clase2/internal/products/service.go:42.91,44.2 1 0
goweb/clase1_clase2/internal/products/service.go:46.59,48.2 1 0
