mode: set
testing/3/tt/internal/service/product.go:8.56,10.16 2 0
testing/3/tt/internal/service/product.go:14.2,14.21 1 0
testing/3/tt/internal/service/product.go:10.16,12.3 1 0
testing/3/tt/internal/service/product.go:17.55,19.16 2 1
testing/3/tt/internal/service/product.go:22.2,22.24 1 1
testing/3/tt/internal/service/product.go:25.2,25.22 1 0
testing/3/tt/internal/service/product.go:19.16,21.3 1 0
testing/3/tt/internal/service/product.go:22.24,24.3 1 1
testing/3/tt/internal/service/product.go:28.92,30.16 2 1
testing/3/tt/internal/service/product.go:34.2,34.24 1 1
testing/3/tt/internal/service/product.go:42.2,43.16 2 1
testing/3/tt/internal/service/product.go:47.2,47.21 1 1
testing/3/tt/internal/service/product.go:30.16,32.3 1 0
testing/3/tt/internal/service/product.go:34.24,35.30 1 0
testing/3/tt/internal/service/product.go:35.30,36.68 1 0
testing/3/tt/internal/service/product.go:36.68,38.5 1 0
testing/3/tt/internal/service/product.go:43.16,45.3 1 0
testing/3/tt/internal/service/product.go:50.100,52.16 2 1
testing/3/tt/internal/service/product.go:56.2,56.28 1 1
testing/3/tt/internal/service/product.go:52.16,54.3 1 0
testing/3/tt/internal/service/product.go:59.95,61.16 2 0
testing/3/tt/internal/service/product.go:65.2,65.28 1 0
testing/3/tt/internal/service/product.go:61.16,63.3 1 0
testing/3/tt/internal/service/product.go:68.40,70.16 2 1
testing/3/tt/internal/service/product.go:74.2,74.12 1 1
testing/3/tt/internal/service/product.go:70.16,72.3 1 1
testing/3/tt/internal/service/service.go:21.50,23.2 1 1
testing/3/tt/internal/repository/repository.go:22.47,24.2 1 1
testing/3/tt/internal/repository/product.go:10.58,11.45 1 1
testing/3/tt/internal/repository/product.go:15.2,15.22 1 1
testing/3/tt/internal/repository/product.go:11.45,13.3 1 1
testing/3/tt/internal/repository/product.go:18.59,19.45 1 1
testing/3/tt/internal/repository/product.go:23.2,23.35 1 1
testing/3/tt/internal/repository/product.go:28.2,28.80 1 1
testing/3/tt/internal/repository/product.go:19.45,21.3 1 1
testing/3/tt/internal/repository/product.go:23.35,24.23 1 1
testing/3/tt/internal/repository/product.go:24.23,26.4 1 1
testing/3/tt/internal/repository/product.go:31.95,32.45 1 1
testing/3/tt/internal/repository/product.go:36.2,37.16 2 1
testing/3/tt/internal/repository/product.go:40.2,46.45 4 1
testing/3/tt/internal/repository/product.go:51.2,51.24 1 1
testing/3/tt/internal/repository/product.go:32.45,34.3 1 1
testing/3/tt/internal/repository/product.go:37.16,39.3 1 0
testing/3/tt/internal/repository/product.go:46.45,49.3 2 1
testing/3/tt/internal/repository/product.go:54.103,57.45 2 1
testing/3/tt/internal/repository/product.go:61.2,61.35 1 1
testing/3/tt/internal/repository/product.go:73.2,73.80 1 1
testing/3/tt/internal/repository/product.go:57.45,59.3 1 1
testing/3/tt/internal/repository/product.go:61.35,62.23 1 1
testing/3/tt/internal/repository/product.go:62.23,65.47 2 1
testing/3/tt/internal/repository/product.go:69.4,69.30 1 1
testing/3/tt/internal/repository/product.go:65.47,67.5 1 1
testing/3/tt/internal/repository/product.go:76.98,77.45 1 1
testing/3/tt/internal/repository/product.go:81.2,81.35 1 1
testing/3/tt/internal/repository/product.go:96.2,96.80 1 1
testing/3/tt/internal/repository/product.go:77.45,79.3 1 1
testing/3/tt/internal/repository/product.go:81.35,82.23 1 1
testing/3/tt/internal/repository/product.go:82.23,88.47 4 1
testing/3/tt/internal/repository/product.go:92.4,92.23 1 1
testing/3/tt/internal/repository/product.go:88.47,90.5 1 1
testing/3/tt/internal/repository/product.go:99.43,100.45 1 1
testing/3/tt/internal/repository/product.go:104.2,104.35 1 1
testing/3/tt/internal/repository/product.go:119.2,119.62 1 1
testing/3/tt/internal/repository/product.go:100.45,102.3 1 1
testing/3/tt/internal/repository/product.go:104.35,105.23 1 1
testing/3/tt/internal/repository/product.go:105.23,106.28 1 1
testing/3/tt/internal/repository/product.go:112.4,112.47 1 1
testing/3/tt/internal/repository/product.go:115.4,115.14 1 1
testing/3/tt/internal/repository/product.go:106.28,108.5 1 0
testing/3/tt/internal/repository/product.go:108.10,110.5 1 1
testing/3/tt/internal/repository/product.go:112.47,114.5 1 1
testing/3/tt/internal/repository/product.go:122.44,123.45 1 1
testing/3/tt/internal/repository/product.go:127.2,127.24 1 1
testing/3/tt/internal/repository/product.go:131.2,131.42 1 1
testing/3/tt/internal/repository/product.go:123.45,125.3 1 1
testing/3/tt/internal/repository/product.go:127.24,129.3 1 1
