mode: set
goweb-capas/internal/products/repository.go:37.47,41.2 1 1
goweb-capas/internal/products/repository.go:43.50,45.45 2 0
goweb-capas/internal/products/repository.go:48.2,48.22 1 0
goweb-capas/internal/products/repository.go:45.45,47.3 1 0
goweb-capas/internal/products/repository.go:51.44,53.45 2 0
goweb-capas/internal/products/repository.go:56.2,56.24 1 0
goweb-capas/internal/products/repository.go:60.2,60.42 1 0
goweb-capas/internal/products/repository.go:53.45,55.3 1 0
goweb-capas/internal/products/repository.go:56.24,58.3 1 0
goweb-capas/internal/products/repository.go:63.104,66.45 2 0
goweb-capas/internal/products/repository.go:70.2,73.45 3 0
goweb-capas/internal/products/repository.go:77.2,77.15 1 0
goweb-capas/internal/products/repository.go:66.45,68.3 1 0
goweb-capas/internal/products/repository.go:73.45,75.3 1 0
goweb-capas/internal/products/repository.go:80.105,83.45 2 1
goweb-capas/internal/products/repository.go:87.2,89.26 3 1
goweb-capas/internal/products/repository.go:97.2,97.14 1 1
goweb-capas/internal/products/repository.go:101.2,101.45 1 1
goweb-capas/internal/products/repository.go:105.2,105.15 1 1
goweb-capas/internal/products/repository.go:83.45,85.3 1 1
goweb-capas/internal/products/repository.go:89.26,90.27 1 1
goweb-capas/internal/products/repository.go:90.27,94.4 3 1
goweb-capas/internal/products/repository.go:97.14,99.3 1 0
goweb-capas/internal/products/repository.go:101.45,103.3 1 0
goweb-capas/internal/products/repository.go:108.84,111.45 2 1
goweb-capas/internal/products/repository.go:115.2,117.26 3 1
goweb-capas/internal/products/repository.go:126.2,126.14 1 1
goweb-capas/internal/products/repository.go:130.2,130.45 1 1
goweb-capas/internal/products/repository.go:134.2,134.15 1 1
goweb-capas/internal/products/repository.go:111.45,113.3 1 0
goweb-capas/internal/products/repository.go:117.26,118.27 1 1
goweb-capas/internal/products/repository.go:118.27,123.4 4 1
goweb-capas/internal/products/repository.go:126.14,128.3 1 0
goweb-capas/internal/products/repository.go:130.45,132.3 1 0
goweb-capas/internal/products/repository.go:137.43,140.45 2 1
goweb-capas/internal/products/repository.go:144.2,146.26 3 1
goweb-capas/internal/products/repository.go:153.2,153.14 1 1
goweb-capas/internal/products/repository.go:157.2,158.45 2 1
goweb-capas/internal/products/repository.go:161.2,161.12 1 1
goweb-capas/internal/products/repository.go:140.45,142.3 1 0
goweb-capas/internal/products/repository.go:146.26,147.27 1 1
goweb-capas/internal/products/repository.go:147.27,150.4 2 1
goweb-capas/internal/products/repository.go:153.14,155.3 1 1
goweb-capas/internal/products/repository.go:158.45,160.3 1 0
goweb-capas/internal/products/service.go:15.39,19.2 1 1
goweb-capas/internal/products/service.go:21.47,23.16 2 0
goweb-capas/internal/products/service.go:27.2,27.16 1 0
goweb-capas/internal/products/service.go:23.16,25.3 1 0
goweb-capas/internal/products/service.go:30.93,32.16 2 0
goweb-capas/internal/products/service.go:36.2,39.16 3 0
goweb-capas/internal/products/service.go:43.2,43.22 1 0
goweb-capas/internal/products/service.go:32.16,34.3 1 0
goweb-capas/internal/products/service.go:39.16,41.3 1 0
goweb-capas/internal/products/service.go:46.102,48.2 1 1
goweb-capas/internal/products/service.go:50.81,52.2 1 0
goweb-capas/internal/products/service.go:54.40,56.2 1 1
