mode: set
goweb/go-web-II/internal/products/repository.go:22.47,26.2 1 1
goweb/go-web-II/internal/products/repository.go:28.44,30.39 2 0
goweb/go-web-II/internal/products/repository.go:33.2,33.17 1 0
goweb/go-web-II/internal/products/repository.go:36.2,36.15 1 0
goweb/go-web-II/internal/products/repository.go:30.39,32.3 1 0
goweb/go-web-II/internal/products/repository.go:33.17,35.3 1 0
goweb/go-web-II/internal/products/repository.go:39.59,41.39 2 0
goweb/go-web-II/internal/products/repository.go:45.2,45.26 1 0
goweb/go-web-II/internal/products/repository.go:51.2,51.59 1 0
goweb/go-web-II/internal/products/repository.go:41.39,43.3 1 0
goweb/go-web-II/internal/products/repository.go:45.26,46.20 1 0
goweb/go-web-II/internal/products/repository.go:46.20,48.4 1 0
goweb/go-web-II/internal/products/repository.go:54.55,56.39 2 0
goweb/go-web-II/internal/products/repository.go:60.2,60.16 1 0
goweb/go-web-II/internal/products/repository.go:56.39,58.3 1 0
goweb/go-web-II/internal/products/repository.go:63.109,66.39 2 0
goweb/go-web-II/internal/products/repository.go:69.2,85.18 5 0
goweb/go-web-II/internal/products/repository.go:66.39,68.3 1 0
goweb/go-web-II/internal/products/repository.go:88.114,90.39 2 1
goweb/go-web-II/internal/products/repository.go:94.2,105.26 3 1
goweb/go-web-II/internal/products/repository.go:113.2,113.14 1 1
goweb/go-web-II/internal/products/repository.go:117.2,118.15 2 1
goweb/go-web-II/internal/products/repository.go:90.39,92.3 1 0
goweb/go-web-II/internal/products/repository.go:105.26,106.20 1 1
goweb/go-web-II/internal/products/repository.go:106.20,109.9 3 1
goweb/go-web-II/internal/products/repository.go:113.14,115.3 1 0
goweb/go-web-II/internal/products/repository.go:121.91,123.39 2 0
goweb/go-web-II/internal/products/repository.go:126.2,129.26 3 0
goweb/go-web-II/internal/products/repository.go:143.2,143.14 1 0
goweb/go-web-II/internal/products/repository.go:147.2,148.15 2 0
goweb/go-web-II/internal/products/repository.go:123.39,125.3 1 0
goweb/go-web-II/internal/products/repository.go:129.26,130.20 1 0
goweb/go-web-II/internal/products/repository.go:130.20,131.16 1 0
goweb/go-web-II/internal/products/repository.go:134.4,134.22 1 0
goweb/go-web-II/internal/products/repository.go:137.4,139.9 3 0
goweb/go-web-II/internal/products/repository.go:131.16,133.5 1 0
goweb/go-web-II/internal/products/repository.go:134.22,136.5 1 0
goweb/go-web-II/internal/products/repository.go:143.14,145.3 1 0
goweb/go-web-II/internal/products/repository.go:151.43,153.39 2 1
goweb/go-web-II/internal/products/repository.go:157.2,158.26 2 1
goweb/go-web-II/internal/products/repository.go:165.2,165.14 1 1
goweb/go-web-II/internal/products/repository.go:169.2,170.12 2 1
goweb/go-web-II/internal/products/repository.go:153.39,155.3 1 0
goweb/go-web-II/internal/products/repository.go:158.26,159.20 1 1
goweb/go-web-II/internal/products/repository.go:159.20,162.9 3 1
goweb/go-web-II/internal/products/repository.go:165.14,167.3 1 1
goweb/go-web-II/internal/products/service.go:22.39,26.2 1 1
goweb/go-web-II/internal/products/service.go:28.40,30.2 1 1
goweb/go-web-II/internal/products/service.go:32.111,34.2 1 1
goweb/go-web-II/internal/products/service.go:36.52,38.2 1 1
goweb/go-web-II/internal/products/service.go:40.106,42.16 2 0
goweb/go-web-II/internal/products/service.go:46.2,46.18 1 0
goweb/go-web-II/internal/products/service.go:42.16,44.3 1 0
