mode: set
goweb/productos_capas/internal/products/repository.go:31.47,35.2 1 1
goweb/productos_capas/internal/products/repository.go:37.149,39.39 2 1
goweb/productos_capas/internal/products/repository.go:42.2,43.25 2 1
goweb/productos_capas/internal/products/repository.go:39.39,41.3 1 1
goweb/productos_capas/internal/products/repository.go:46.146,48.39 2 1
goweb/productos_capas/internal/products/repository.go:52.2,53.16 2 1
goweb/productos_capas/internal/products/repository.go:56.2,61.39 4 1
goweb/productos_capas/internal/products/repository.go:65.2,65.15 1 1
goweb/productos_capas/internal/products/repository.go:48.39,50.3 1 0
goweb/productos_capas/internal/products/repository.go:53.16,55.3 1 0
goweb/productos_capas/internal/products/repository.go:61.39,63.3 1 1
goweb/productos_capas/internal/products/repository.go:68.62,70.39 2 1
goweb/productos_capas/internal/products/repository.go:74.2,74.23 1 1
goweb/productos_capas/internal/products/repository.go:80.2,80.57 1 0
goweb/productos_capas/internal/products/repository.go:70.39,72.3 1 1
goweb/productos_capas/internal/products/repository.go:74.23,75.17 1 1
goweb/productos_capas/internal/products/repository.go:75.17,77.4 1 1
goweb/productos_capas/internal/products/repository.go:84.155,86.39 2 1
goweb/productos_capas/internal/products/repository.go:90.2,92.25 3 1
goweb/productos_capas/internal/products/repository.go:99.2,99.14 1 1
goweb/productos_capas/internal/products/repository.go:103.2,103.39 1 1
goweb/productos_capas/internal/products/repository.go:107.2,107.21 1 1
goweb/productos_capas/internal/products/repository.go:86.39,88.3 1 0
goweb/productos_capas/internal/products/repository.go:92.25,93.17 1 1
goweb/productos_capas/internal/products/repository.go:93.17,96.4 2 1
goweb/productos_capas/internal/products/repository.go:99.14,101.3 1 0
goweb/productos_capas/internal/products/repository.go:103.39,105.3 1 1
goweb/productos_capas/internal/products/repository.go:110.97,112.39 2 1
goweb/productos_capas/internal/products/repository.go:116.2,118.25 3 1
goweb/productos_capas/internal/products/repository.go:127.2,127.14 1 1
goweb/productos_capas/internal/products/repository.go:131.2,131.39 1 1
goweb/productos_capas/internal/products/repository.go:135.2,135.21 1 1
goweb/productos_capas/internal/products/repository.go:112.39,114.3 1 0
goweb/productos_capas/internal/products/repository.go:118.25,119.17 1 1
goweb/productos_capas/internal/products/repository.go:119.17,124.4 4 1
goweb/productos_capas/internal/products/repository.go:127.14,129.3 1 0
goweb/productos_capas/internal/products/repository.go:131.39,133.3 1 0
goweb/productos_capas/internal/products/repository.go:138.61,140.39 2 1
goweb/productos_capas/internal/products/repository.go:144.2,146.25 3 1
goweb/productos_capas/internal/products/repository.go:154.2,154.14 1 1
goweb/productos_capas/internal/products/repository.go:158.2,158.39 1 1
goweb/productos_capas/internal/products/repository.go:162.2,162.21 1 1
goweb/productos_capas/internal/products/repository.go:140.39,142.3 1 0
goweb/productos_capas/internal/products/repository.go:146.25,147.17 1 1
goweb/productos_capas/internal/products/repository.go:147.17,151.4 3 1
goweb/productos_capas/internal/products/repository.go:154.14,156.3 1 1
goweb/productos_capas/internal/products/repository.go:158.39,160.3 1 0
goweb/productos_capas/internal/products/repository.go:165.44,167.39 2 1
goweb/productos_capas/internal/products/repository.go:170.2,170.18 1 1
goweb/productos_capas/internal/products/repository.go:174.2,174.30 1 0
goweb/productos_capas/internal/products/repository.go:167.39,169.3 1 0
goweb/productos_capas/internal/products/repository.go:170.18,172.3 1 1
goweb/productos_capas/internal/products/repository.go:204.153,212.37 7 1
goweb/productos_capas/internal/products/repository.go:218.2,222.31 4 1
goweb/productos_capas/internal/products/repository.go:232.2,234.22 2 1
goweb/productos_capas/internal/products/repository.go:212.37,213.55 1 1
goweb/productos_capas/internal/products/repository.go:213.55,215.4 1 0
goweb/productos_capas/internal/products/repository.go:222.31,223.31 1 0
goweb/productos_capas/internal/products/repository.go:228.3,229.46 2 0
goweb/productos_capas/internal/products/repository.go:223.31,224.33 1 0
goweb/productos_capas/internal/products/repository.go:224.33,226.5 1 0
goweb/productos_capas/internal/products/repository.go:238.135,248.2 9 1
goweb/productos_capas/internal/products/repository.go:251.70,255.30 3 1
goweb/productos_capas/internal/products/repository.go:269.2,269.21 1 1
goweb/productos_capas/internal/products/repository.go:255.30,267.3 10 1
goweb/productos_capas/internal/products/repository.go:273.70,277.30 3 1
goweb/productos_capas/internal/products/repository.go:290.2,290.22 1 1
goweb/productos_capas/internal/products/repository.go:277.30,288.3 9 1
goweb/productos_capas/internal/products/service.go:20.39,24.2 1 1
goweb/productos_capas/internal/products/service.go:26.146,28.2 1 1
goweb/productos_capas/internal/products/service.go:30.59,32.2 1 1
goweb/productos_capas/internal/products/service.go:34.143,36.2 1 1
goweb/productos_capas/internal/products/service.go:38.152,40.2 1 1
goweb/productos_capas/internal/products/service.go:42.94,44.2 1 0
goweb/productos_capas/internal/products/service.go:46.58,48.2 1 1
