mode: set
Clase3-1/internal/usuarios/repository.go:28.53,32.2 1 1
Clase3-1/internal/usuarios/repository.go:34.57,36.39 2 1
Clase3-1/internal/usuarios/repository.go:39.2,39.16 1 1
Clase3-1/internal/usuarios/repository.go:36.39,38.3 1 1
Clase3-1/internal/usuarios/repository.go:42.44,44.39 2 1
Clase3-1/internal/usuarios/repository.go:47.2,47.18 1 1
Clase3-1/internal/usuarios/repository.go:51.2,51.30 1 1
Clase3-1/internal/usuarios/repository.go:44.39,46.3 1 0
Clase3-1/internal/usuarios/repository.go:47.18,49.3 1 0
Clase3-1/internal/usuarios/repository.go:54.137,56.39 2 1
Clase3-1/internal/usuarios/repository.go:59.2,70.39 3 1
Clase3-1/internal/usuarios/repository.go:73.2,73.15 1 1
Clase3-1/internal/usuarios/repository.go:56.39,58.3 1 0
Clase3-1/internal/usuarios/repository.go:70.39,72.3 1 1
Clase3-1/internal/usuarios/repository.go:75.138,77.39 2 1
Clase3-1/internal/usuarios/repository.go:80.2,91.20 3 1
Clase3-1/internal/usuarios/repository.go:99.2,99.14 1 1
Clase3-1/internal/usuarios/repository.go:102.2,102.39 1 1
Clase3-1/internal/usuarios/repository.go:105.2,105.15 1 1
Clase3-1/internal/usuarios/repository.go:77.39,79.3 1 0
Clase3-1/internal/usuarios/repository.go:91.20,92.21 1 1
Clase3-1/internal/usuarios/repository.go:92.21,96.4 3 1
Clase3-1/internal/usuarios/repository.go:99.14,101.3 1 0
Clase3-1/internal/usuarios/repository.go:102.39,104.3 1 0
Clase3-1/internal/usuarios/repository.go:108.99,110.39 2 1
Clase3-1/internal/usuarios/repository.go:113.2,115.20 3 1
Clase3-1/internal/usuarios/repository.go:124.2,124.14 1 1
Clase3-1/internal/usuarios/repository.go:128.2,128.39 1 1
Clase3-1/internal/usuarios/repository.go:132.2,132.15 1 1
Clase3-1/internal/usuarios/repository.go:110.39,112.3 1 0
Clase3-1/internal/usuarios/repository.go:115.20,116.21 1 1
Clase3-1/internal/usuarios/repository.go:116.21,121.4 4 1
Clase3-1/internal/usuarios/repository.go:124.14,126.3 1 0
Clase3-1/internal/usuarios/repository.go:128.39,130.3 1 0
Clase3-1/internal/usuarios/repository.go:135.43,137.39 2 1
Clase3-1/internal/usuarios/repository.go:140.2,142.20 3 1
Clase3-1/internal/usuarios/repository.go:149.2,149.14 1 1
Clase3-1/internal/usuarios/repository.go:152.2,152.18 1 1
Clase3-1/internal/usuarios/repository.go:158.2,158.39 1 1
Clase3-1/internal/usuarios/repository.go:162.2,162.12 1 1
Clase3-1/internal/usuarios/repository.go:137.39,139.3 1 0
Clase3-1/internal/usuarios/repository.go:142.20,143.21 1 1
Clase3-1/internal/usuarios/repository.go:143.21,146.4 2 1
Clase3-1/internal/usuarios/repository.go:149.14,151.3 1 1
Clase3-1/internal/usuarios/repository.go:152.18,154.3 1 1
Clase3-1/internal/usuarios/repository.go:154.8,156.3 1 0
Clase3-1/internal/usuarios/repository.go:158.39,160.3 1 0
Clase3-1/internal/usuarios/service.go:16.39,20.2 1 1
Clase3-1/internal/usuarios/service.go:22.54,24.16 2 1
Clase3-1/internal/usuarios/service.go:28.2,28.16 1 1
Clase3-1/internal/usuarios/service.go:24.16,26.3 1 1
Clase3-1/internal/usuarios/service.go:31.126,33.16 2 1
Clase3-1/internal/usuarios/service.go:37.2,40.16 3 1
Clase3-1/internal/usuarios/service.go:44.2,44.18 1 1
Clase3-1/internal/usuarios/service.go:33.16,35.3 1 0
Clase3-1/internal/usuarios/service.go:40.16,42.3 1 1
Clase3-1/internal/usuarios/service.go:46.135,48.2 1 1
Clase3-1/internal/usuarios/service.go:50.96,52.2 1 0
Clase3-1/internal/usuarios/service.go:54.40,56.2 1 1
