mode: set
github.com/del_rio/web-server/internal/usuarios/repositorio.go:23.57,25.49 2 1
github.com/del_rio/web-server/internal/usuarios/repositorio.go:28.2,28.28 1 1
github.com/del_rio/web-server/internal/usuarios/repositorio.go:31.2,31.26 1 1
github.com/del_rio/web-server/internal/usuarios/repositorio.go:25.49,27.3 1 0
github.com/del_rio/web-server/internal/usuarios/repositorio.go:28.28,30.3 1 0
github.com/del_rio/web-server/internal/usuarios/repositorio.go:34.134,36.49 2 1
github.com/del_rio/web-server/internal/usuarios/repositorio.go:41.2,41.113 1 1
github.com/del_rio/web-server/internal/usuarios/repositorio.go:45.2,56.49 3 1
github.com/del_rio/web-server/internal/usuarios/repositorio.go:60.2,60.21 1 1
github.com/del_rio/web-server/internal/usuarios/repositorio.go:36.49,40.3 3 0
github.com/del_rio/web-server/internal/usuarios/repositorio.go:41.113,44.3 2 1
github.com/del_rio/web-server/internal/usuarios/repositorio.go:56.49,59.3 2 0
github.com/del_rio/web-server/internal/usuarios/repositorio.go:62.44,65.49 2 0
github.com/del_rio/web-server/internal/usuarios/repositorio.go:68.2,68.28 1 0
github.com/del_rio/web-server/internal/usuarios/repositorio.go:71.2,72.20 2 0
github.com/del_rio/web-server/internal/usuarios/repositorio.go:65.49,67.3 1 0
github.com/del_rio/web-server/internal/usuarios/repositorio.go:68.28,70.3 1 0
github.com/del_rio/web-server/internal/usuarios/repositorio.go:75.47,77.2 1 1
github.com/del_rio/web-server/internal/usuarios/repositorio.go:79.143,90.49 3 1
github.com/del_rio/web-server/internal/usuarios/repositorio.go:93.2,93.41 1 1
github.com/del_rio/web-server/internal/usuarios/repositorio.go:103.2,104.84 2 0
github.com/del_rio/web-server/internal/usuarios/repositorio.go:90.49,92.3 1 0
github.com/del_rio/web-server/internal/usuarios/repositorio.go:93.41,94.31 1 1
github.com/del_rio/web-server/internal/usuarios/repositorio.go:94.31,97.51 3 1
github.com/del_rio/web-server/internal/usuarios/repositorio.go:100.4,100.23 1 1
github.com/del_rio/web-server/internal/usuarios/repositorio.go:97.51,99.5 1 0
github.com/del_rio/web-server/internal/usuarios/repositorio.go:107.146,109.49 2 1
github.com/del_rio/web-server/internal/usuarios/repositorio.go:112.2,112.41 1 1
github.com/del_rio/web-server/internal/usuarios/repositorio.go:130.2,131.84 2 0
github.com/del_rio/web-server/internal/usuarios/repositorio.go:109.49,111.3 1 0
github.com/del_rio/web-server/internal/usuarios/repositorio.go:112.41,113.31 1 1
github.com/del_rio/web-server/internal/usuarios/repositorio.go:113.31,124.51 8 1
github.com/del_rio/web-server/internal/usuarios/repositorio.go:127.4,127.31 1 1
github.com/del_rio/web-server/internal/usuarios/repositorio.go:124.51,126.5 1 0
github.com/del_rio/web-server/internal/usuarios/repositorio.go:134.50,136.49 2 1
github.com/del_rio/web-server/internal/usuarios/repositorio.go:139.2,139.41 1 1
github.com/del_rio/web-server/internal/usuarios/repositorio.go:148.2,148.54 1 1
github.com/del_rio/web-server/internal/usuarios/repositorio.go:136.49,138.3 1 0
github.com/del_rio/web-server/internal/usuarios/repositorio.go:139.41,140.31 1 1
github.com/del_rio/web-server/internal/usuarios/repositorio.go:140.31,142.51 2 1
github.com/del_rio/web-server/internal/usuarios/repositorio.go:145.4,145.14 1 1
github.com/del_rio/web-server/internal/usuarios/repositorio.go:142.51,144.5 1 0
github.com/del_rio/web-server/internal/usuarios/repositorio.go:152.71,153.21 1 1
github.com/del_rio/web-server/internal/usuarios/repositorio.go:153.21,155.3 1 1
github.com/del_rio/web-server/internal/usuarios/repositorio.go:159.56,160.17 1 1
github.com/del_rio/web-server/internal/usuarios/repositorio.go:160.17,162.3 1 1
github.com/del_rio/web-server/internal/usuarios/repositorio.go:166.62,167.20 1 1
github.com/del_rio/web-server/internal/usuarios/repositorio.go:167.20,169.3 1 0
github.com/del_rio/web-server/internal/usuarios/servicio.go:21.55,23.16 2 0
github.com/del_rio/web-server/internal/usuarios/servicio.go:26.2,26.23 1 0
github.com/del_rio/web-server/internal/usuarios/servicio.go:23.16,25.3 1 0
github.com/del_rio/web-server/internal/usuarios/servicio.go:28.112,42.16 4 0
github.com/del_rio/web-server/internal/usuarios/servicio.go:45.2,45.26 1 0
github.com/del_rio/web-server/internal/usuarios/servicio.go:42.16,44.3 1 0
github.com/del_rio/web-server/internal/usuarios/servicio.go:48.141,59.2 1 1
github.com/del_rio/web-server/internal/usuarios/servicio.go:66.48,68.2 1 1
github.com/del_rio/web-server/internal/usuarios/servicio.go:69.40,73.2 1 1
