mode: set
arquitectura/internal/transactions/repository.go:29.47,33.2 1 1
arquitectura/internal/transactions/repository.go:35.61,37.42 2 1
arquitectura/internal/transactions/repository.go:40.2,40.19 1 1
arquitectura/internal/transactions/repository.go:37.42,39.3 1 0
arquitectura/internal/transactions/repository.go:43.44,45.42 2 1
arquitectura/internal/transactions/repository.go:48.2,48.21 1 1
arquitectura/internal/transactions/repository.go:51.2,51.36 1 1
arquitectura/internal/transactions/repository.go:45.42,47.3 1 0
arquitectura/internal/transactions/repository.go:48.21,50.3 1 0
arquitectura/internal/transactions/repository.go:54.147,58.42 2 1
arquitectura/internal/transactions/repository.go:62.2,73.42 3 1
arquitectura/internal/transactions/repository.go:76.2,76.15 1 1
arquitectura/internal/transactions/repository.go:58.42,60.3 1 0
arquitectura/internal/transactions/repository.go:73.42,75.3 1 0
arquitectura/internal/transactions/repository.go:79.148,82.42 2 1
arquitectura/internal/transactions/repository.go:86.2,96.23 3 1
arquitectura/internal/transactions/repository.go:104.2,104.14 1 1
arquitectura/internal/transactions/repository.go:108.2,108.42 1 1
arquitectura/internal/transactions/repository.go:112.2,112.15 1 1
arquitectura/internal/transactions/repository.go:82.42,84.3 1 0
arquitectura/internal/transactions/repository.go:96.23,97.24 1 1
arquitectura/internal/transactions/repository.go:97.24,100.9 3 1
arquitectura/internal/transactions/repository.go:104.14,106.3 1 0
arquitectura/internal/transactions/repository.go:108.42,110.3 1 0
arquitectura/internal/transactions/repository.go:115.90,118.42 2 1
arquitectura/internal/transactions/repository.go:122.2,124.23 3 1
arquitectura/internal/transactions/repository.go:132.2,132.14 1 1
arquitectura/internal/transactions/repository.go:136.2,136.42 1 1
arquitectura/internal/transactions/repository.go:140.2,140.15 1 1
arquitectura/internal/transactions/repository.go:118.42,120.3 1 0
arquitectura/internal/transactions/repository.go:124.23,125.24 1 1
arquitectura/internal/transactions/repository.go:125.24,129.4 3 1
arquitectura/internal/transactions/repository.go:132.14,134.3 1 0
arquitectura/internal/transactions/repository.go:136.42,138.3 1 0
arquitectura/internal/transactions/repository.go:143.87,146.42 2 1
arquitectura/internal/transactions/repository.go:150.2,152.23 3 1
arquitectura/internal/transactions/repository.go:160.2,160.14 1 1
arquitectura/internal/transactions/repository.go:164.2,164.42 1 1
arquitectura/internal/transactions/repository.go:168.2,168.15 1 1
arquitectura/internal/transactions/repository.go:146.42,148.3 1 0
arquitectura/internal/transactions/repository.go:152.23,153.24 1 1
arquitectura/internal/transactions/repository.go:153.24,157.4 3 1
arquitectura/internal/transactions/repository.go:160.14,162.3 1 0
arquitectura/internal/transactions/repository.go:164.42,166.3 1 0
arquitectura/internal/transactions/repository.go:171.43,174.42 2 1
arquitectura/internal/transactions/repository.go:178.2,180.23 3 1
arquitectura/internal/transactions/repository.go:187.2,187.14 1 1
arquitectura/internal/transactions/repository.go:191.2,193.42 2 1
arquitectura/internal/transactions/repository.go:197.2,197.12 1 1
arquitectura/internal/transactions/repository.go:174.42,176.3 1 0
arquitectura/internal/transactions/repository.go:180.23,181.24 1 1
arquitectura/internal/transactions/repository.go:181.24,184.4 2 1
arquitectura/internal/transactions/repository.go:187.14,189.3 1 1
arquitectura/internal/transactions/repository.go:193.42,195.3 1 0
arquitectura/internal/transactions/service.go:20.39,24.2 1 1
arquitectura/internal/transactions/service.go:26.58,28.16 2 1
arquitectura/internal/transactions/service.go:31.2,31.19 1 1
arquitectura/internal/transactions/service.go:28.16,30.3 1 0
arquitectura/internal/transactions/service.go:34.136,36.16 2 1
arquitectura/internal/transactions/service.go:40.2,43.16 3 1
arquitectura/internal/transactions/service.go:47.2,47.25 1 1
arquitectura/internal/transactions/service.go:36.16,38.3 1 0
arquitectura/internal/transactions/service.go:43.16,45.3 1 0
arquitectura/internal/transactions/service.go:50.145,52.2 1 1
arquitectura/internal/transactions/service.go:54.87,56.2 1 1
arquitectura/internal/transactions/service.go:58.84,60.2 1 1
arquitectura/internal/transactions/service.go:62.40,64.2 1 1
