mode: set
clase4_repaso/internal/products/repository.go:25.47,29.2 1 1
clase4_repaso/internal/products/repository.go:31.57,33.39 2 1
clase4_repaso/internal/products/repository.go:36.2,36.16 1 1
clase4_repaso/internal/products/repository.go:33.39,35.3 1 1
clase4_repaso/internal/products/repository.go:39.111,42.39 2 1
clase4_repaso/internal/products/repository.go:46.2,49.39 3 1
clase4_repaso/internal/products/repository.go:53.2,53.15 1 1
clase4_repaso/internal/products/repository.go:42.39,44.3 1 0
clase4_repaso/internal/products/repository.go:49.39,51.3 1 1
clase4_repaso/internal/products/repository.go:56.44,58.39 2 1
clase4_repaso/internal/products/repository.go:61.2,61.18 1 1
clase4_repaso/internal/products/repository.go:65.2,65.30 1 0
clase4_repaso/internal/products/repository.go:58.39,60.3 1 0
clase4_repaso/internal/products/repository.go:61.18,63.3 1 1
clase4_repaso/internal/products/service.go:17.39,19.2 1 1
clase4_repaso/internal/products/service.go:21.54,23.16 2 1
clase4_repaso/internal/products/service.go:26.2,26.22 1 1
clase4_repaso/internal/products/service.go:23.16,25.3 1 1
clase4_repaso/internal/products/service.go:29.101,31.16 2 1
clase4_repaso/internal/products/service.go:34.2,36.16 3 1
clase4_repaso/internal/products/service.go:39.2,39.21 1 1
clase4_repaso/internal/products/service.go:31.16,33.3 1 0
clase4_repaso/internal/products/service.go:36.16,38.3 1 1
clase4_repaso/cmd/server/handler/handler.go:21.46,23.2 1 1
clase4_repaso/cmd/server/handler/handler.go:25.44,26.30 1 1
clase4_repaso/cmd/server/handler/handler.go:26.30,29.17 2 1
clase4_repaso/cmd/server/handler/handler.go:33.3,33.17 1 1
clase4_repaso/cmd/server/handler/handler.go:29.17,32.4 2 1
clase4_repaso/cmd/server/handler/handler.go:37.43,38.30 1 1
clase4_repaso/cmd/server/handler/handler.go:38.30,41.48 2 1
clase4_repaso/cmd/server/handler/handler.go:46.3,46.21 1 1
clase4_repaso/cmd/server/handler/handler.go:51.3,51.21 1 1
clase4_repaso/cmd/server/handler/handler.go:56.3,56.21 1 1
clase4_repaso/cmd/server/handler/handler.go:61.3,61.21 1 1
clase4_repaso/cmd/server/handler/handler.go:66.3,67.17 2 1
clase4_repaso/cmd/server/handler/handler.go:72.3,72.17 1 1
clase4_repaso/cmd/server/handler/handler.go:41.48,44.4 2 0
clase4_repaso/cmd/server/handler/handler.go:46.21,49.4 2 0
clase4_repaso/cmd/server/handler/handler.go:51.21,54.4 2 0
clase4_repaso/cmd/server/handler/handler.go:56.21,59.4 2 0
clase4_repaso/cmd/server/handler/handler.go:61.21,64.4 2 0
clase4_repaso/cmd/server/handler/handler.go:67.17,70.4 2 0
